{"/home/travis/build/npmtest/node-npmtest-imagesloaded/test.js":{"path":"/home/travis/build/npmtest/node-npmtest-imagesloaded/test.js","s":{"1":2,"2":2,"3":2,"4":2,"5":2,"6":2,"7":2,"8":1,"9":2,"10":2,"11":1,"12":1,"13":1,"14":1,"15":2,"16":2,"17":2,"18":2,"19":1,"20":1,"21":2,"22":2,"23":2,"24":1,"25":1,"26":1,"27":1,"28":1,"29":1,"30":1,"31":1,"32":1,"33":1,"34":1,"35":1,"36":1,"37":1,"38":1,"39":2,"40":2,"41":1,"42":2,"43":2,"44":1,"45":2,"46":2,"47":1,"48":2,"49":2,"50":1,"51":1,"52":1,"53":1,"54":1},"b":{"1":[2,1,1,1],"2":[1,1,1,1],"3":[1,1],"4":[1,1],"5":[1,1],"6":[1,1],"7":[1,1],"8":[1,1],"9":[1,1],"10":[1,1,1],"11":[1,1],"12":[1,1],"13":[1,1],"14":[1,1],"15":[1,1],"16":[1,1],"17":[1,1]},"f":{"1":2,"2":2,"3":2,"4":2,"5":2,"6":1,"7":1,"8":1,"9":2,"10":2,"11":2,"12":2,"13":1},"fnMap":{"1":{"name":"(anonymous_1)","line":12,"loc":{"start":{"line":12,"column":1},"end":{"line":12,"column":13}}},"2":{"name":"(anonymous_2)","line":19,"loc":{"start":{"line":19,"column":5},"end":{"line":19,"column":17}}},"3":{"name":"(anonymous_3)","line":23,"loc":{"start":{"line":23,"column":24},"end":{"line":23,"column":36}}},"4":{"name":"(anonymous_4)","line":61,"loc":{"start":{"line":61,"column":5},"end":{"line":61,"column":17}}},"5":{"name":"(anonymous_5)","line":82,"loc":{"start":{"line":82,"column":5},"end":{"line":82,"column":17}}},"6":{"name":"(anonymous_6)","line":91,"loc":{"start":{"line":91,"column":77},"end":{"line":94,"column":10}}},"7":{"name":"(anonymous_7)","line":112,"loc":{"start":{"line":112,"column":83},"end":{"line":115,"column":10}},"skip":true},"8":{"name":"(anonymous_8)","line":123,"loc":{"start":{"line":123,"column":77},"end":{"line":126,"column":10}},"skip":true},"9":{"name":"(anonymous_9)","line":139,"loc":{"start":{"line":139,"column":12},"end":{"line":139,"column":40}},"skip":true},"10":{"name":"(anonymous_10)","line":147,"loc":{"start":{"line":147,"column":77},"end":{"line":150,"column":10}},"skip":true},"11":{"name":"(anonymous_11)","line":158,"loc":{"start":{"line":158,"column":83},"end":{"line":161,"column":10}},"skip":true},"12":{"name":"(anonymous_12)","line":169,"loc":{"start":{"line":169,"column":79},"end":{"line":172,"column":10}},"skip":true},"13":{"name":"(anonymous_13)","line":180,"loc":{"start":{"line":180,"column":75},"end":{"line":183,"column":10}},"skip":true}},"statementMap":{"1":{"start":{"line":12,"column":0},"end":{"line":195,"column":5}},"2":{"start":{"line":14,"column":4},"end":{"line":14,"column":14}},"3":{"start":{"line":19,"column":4},"end":{"line":56,"column":9}},"4":{"start":{"line":21,"column":8},"end":{"line":21,"column":19}},"5":{"start":{"line":23,"column":8},"end":{"line":35,"column":13}},"6":{"start":{"line":24,"column":12},"end":{"line":34,"column":13}},"7":{"start":{"line":25,"column":16},"end":{"line":28,"column":30}},"8":{"start":{"line":30,"column":16},"end":{"line":33,"column":27}},"9":{"start":{"line":37,"column":8},"end":{"line":39,"column":21}},"10":{"start":{"line":40,"column":8},"end":{"line":53,"column":9}},"11":{"start":{"line":43,"column":12},"end":{"line":46,"column":14}},"12":{"start":{"line":47,"column":12},"end":{"line":47,"column":18}},"13":{"start":{"line":50,"column":12},"end":{"line":51,"column":33}},"14":{"start":{"line":52,"column":12},"end":{"line":52,"column":18}},"15":{"start":{"line":55,"column":8},"end":{"line":55,"column":35}},"16":{"start":{"line":61,"column":4},"end":{"line":63,"column":9}},"17":{"start":{"line":62,"column":8},"end":{"line":62,"column":15}},"18":{"start":{"line":64,"column":4},"end":{"line":77,"column":5}},"19":{"start":{"line":70,"column":8},"end":{"line":70,"column":14}},"20":{"start":{"line":76,"column":8},"end":{"line":76,"column":14}},"21":{"start":{"line":82,"column":4},"end":{"line":84,"column":9}},"22":{"start":{"line":83,"column":8},"end":{"line":83,"column":15}},"23":{"start":{"line":85,"column":4},"end":{"line":194,"column":5}},"24":{"start":{"line":91,"column":8},"end":{"line":99,"column":10}},"25":{"start":{"line":98,"column":12},"end":{"line":98,"column":35}},"26":{"start":{"line":102,"column":8},"end":{"line":104,"column":63}},"27":{"start":{"line":105,"column":8},"end":{"line":105,"column":14}},"28":{"start":{"line":112,"column":8},"end":{"line":121,"column":10},"skip":true},"29":{"start":{"line":119,"column":12},"end":{"line":119,"column":55},"skip":true},"30":{"start":{"line":120,"column":12},"end":{"line":120,"column":48},"skip":true},"31":{"start":{"line":123,"column":8},"end":{"line":136,"column":10},"skip":true},"32":{"start":{"line":130,"column":12},"end":{"line":130,"column":76},"skip":true},"33":{"start":{"line":131,"column":12},"end":{"line":131,"column":73},"skip":true},"34":{"start":{"line":132,"column":12},"end":{"line":132,"column":74},"skip":true},"35":{"start":{"line":133,"column":12},"end":{"line":133,"column":79},"skip":true},"36":{"start":{"line":134,"column":12},"end":{"line":134,"column":25},"skip":true},"37":{"start":{"line":135,"column":12},"end":{"line":135,"column":45},"skip":true},"38":{"start":{"line":138,"column":8},"end":{"line":145,"column":14},"skip":true},"39":{"start":{"line":143,"column":16},"end":{"line":143,"column":29},"skip":true},"40":{"start":{"line":144,"column":16},"end":{"line":144,"column":55},"skip":true},"41":{"start":{"line":147,"column":8},"end":{"line":156,"column":10},"skip":true},"42":{"start":{"line":154,"column":12},"end":{"line":154,"column":25},"skip":true},"43":{"start":{"line":155,"column":12},"end":{"line":155,"column":45},"skip":true},"44":{"start":{"line":158,"column":8},"end":{"line":167,"column":10},"skip":true},"45":{"start":{"line":165,"column":12},"end":{"line":165,"column":25},"skip":true},"46":{"start":{"line":166,"column":12},"end":{"line":166,"column":48},"skip":true},"47":{"start":{"line":169,"column":8},"end":{"line":178,"column":10},"skip":true},"48":{"start":{"line":176,"column":12},"end":{"line":176,"column":25},"skip":true},"49":{"start":{"line":177,"column":12},"end":{"line":177,"column":46},"skip":true},"50":{"start":{"line":180,"column":8},"end":{"line":189,"column":10},"skip":true},"51":{"start":{"line":187,"column":12},"end":{"line":187,"column":94},"skip":true},"52":{"start":{"line":188,"column":12},"end":{"line":188,"column":48},"skip":true},"53":{"start":{"line":192,"column":8},"end":{"line":192,"column":35},"skip":true},"54":{"start":{"line":193,"column":8},"end":{"line":193,"column":14},"skip":true}},"branchMap":{"1":{"line":25,"type":"binary-expr","locations":[{"start":{"line":25,"column":23},"end":{"line":25,"column":62}},{"start":{"line":26,"column":20},"end":{"line":26,"column":70}},{"start":{"line":27,"column":20},"end":{"line":27,"column":71}},{"start":{"line":28,"column":20},"end":{"line":28,"column":29}}]},"2":{"line":30,"type":"binary-expr","locations":[{"start":{"line":30,"column":23},"end":{"line":30,"column":37}},{"start":{"line":31,"column":20},"end":{"line":31,"column":61}},{"start":{"line":32,"column":20},"end":{"line":32,"column":70}},{"start":{"line":33,"column":20},"end":{"line":33,"column":26}}]},"3":{"line":37,"type":"cond-expr","locations":[{"start":{"line":38,"column":14},"end":{"line":38,"column":20}},{"start":{"line":39,"column":14},"end":{"line":39,"column":20}}]},"4":{"line":40,"type":"switch","locations":[{"start":{"line":42,"column":8},"end":{"line":47,"column":18}},{"start":{"line":49,"column":8},"end":{"line":52,"column":18}}]},"5":{"line":44,"type":"binary-expr","locations":[{"start":{"line":44,"column":16},"end":{"line":44,"column":44}},{"start":{"line":44,"column":48},"end":{"line":44,"column":66}}]},"6":{"line":50,"type":"binary-expr","locations":[{"start":{"line":50,"column":21},"end":{"line":50,"column":49}},{"start":{"line":50,"column":53},"end":{"line":50,"column":72}}]},"7":{"line":64,"type":"switch","locations":[{"start":{"line":69,"column":4},"end":{"line":70,"column":14}},{"start":{"line":75,"column":4},"end":{"line":76,"column":14}}]},"8":{"line":85,"type":"switch","locations":[{"start":{"line":90,"column":4},"end":{"line":105,"column":14}},{"start":{"line":111,"column":4},"end":{"line":193,"column":14},"skip":true}]},"9":{"line":91,"type":"binary-expr","locations":[{"start":{"line":91,"column":42},"end":{"line":91,"column":73}},{"start":{"line":91,"column":77},"end":{"line":99,"column":9}}]},"10":{"line":102,"type":"binary-expr","locations":[{"start":{"line":102,"column":18},"end":{"line":102,"column":32}},{"start":{"line":103,"column":12},"end":{"line":103,"column":53}},{"start":{"line":104,"column":12},"end":{"line":104,"column":61}}]},"11":{"line":112,"type":"binary-expr","locations":[{"start":{"line":112,"column":45},"end":{"line":112,"column":79},"skip":true},{"start":{"line":112,"column":83},"end":{"line":121,"column":9},"skip":true}]},"12":{"line":123,"type":"binary-expr","locations":[{"start":{"line":123,"column":42},"end":{"line":123,"column":73},"skip":true},{"start":{"line":123,"column":77},"end":{"line":136,"column":9},"skip":true}]},"13":{"line":138,"type":"binary-expr","locations":[{"start":{"line":138,"column":48},"end":{"line":138,"column":85},"skip":true},{"start":{"line":139,"column":12},"end":{"line":145,"column":13},"skip":true}]},"14":{"line":147,"type":"binary-expr","locations":[{"start":{"line":147,"column":42},"end":{"line":147,"column":73},"skip":true},{"start":{"line":147,"column":77},"end":{"line":156,"column":9},"skip":true}]},"15":{"line":158,"type":"binary-expr","locations":[{"start":{"line":158,"column":45},"end":{"line":158,"column":79},"skip":true},{"start":{"line":158,"column":83},"end":{"line":167,"column":9},"skip":true}]},"16":{"line":169,"type":"binary-expr","locations":[{"start":{"line":169,"column":43},"end":{"line":169,"column":75},"skip":true},{"start":{"line":169,"column":79},"end":{"line":178,"column":9},"skip":true}]},"17":{"line":180,"type":"binary-expr","locations":[{"start":{"line":180,"column":41},"end":{"line":180,"column":71},"skip":true},{"start":{"line":180,"column":75},"end":{"line":189,"column":9},"skip":true}]}},"code":["/* istanbul instrument in package npmtest_imagesloaded */","/*jslint","    bitwise: true,","    browser: true,","    maxerr: 8,","    maxlen: 96,","    node: true,","    nomen: true,","    regexp: true,","    stupid: true","*/","(function () {","    'use strict';","    var local;","","","","    // run shared js-env code - pre-init","    (function () {","        // init local","        local = {};","        // init modeJs","        local.modeJs = (function () {","            try {","                return typeof navigator.userAgent === 'string' &&","                    typeof document.querySelector('body') === 'object' &&","                    typeof XMLHttpRequest.prototype.open === 'function' &&","                    'browser';","            } catch (errorCaughtBrowser) {","                return module.exports &&","                    typeof process.versions.node === 'string' &&","                    typeof require('http').createServer === 'function' &&","                    'node';","            }","        }());","        // init global","        local.global = local.modeJs === 'browser'","            ? window","            : global;","        switch (local.modeJs) {","        // re-init local from window.local","        case 'browser':","            local = local.global.utility2.objectSetDefault(","                local.global.utility2_rollup || local.global.local,","                local.global.utility2","            );","            break;","        // re-init local from example.js","        case 'node':","            local = (local.global.utility2_rollup || require('utility2'))","                .requireReadme();","            break;","        }","        // export local","        local.global.local = local;","    }());","","","","    // run shared js-env code - function","    (function () {","        return;","    }());","    switch (local.modeJs) {","","","","    // run browser js-env code - function","    case 'browser':","        break;","","","","    // run node js-env code - function","    case 'node':","        break;","    }","","","","    // run shared js-env code - post-init","    (function () {","        return;","    }());","    switch (local.modeJs) {","","","","    // run browser js-env code - post-init","    case 'browser':","        local.testCase_browser_nullCase = local.testCase_browser_nullCase || function (","            options,","            onError","        ) {","        /*","         * this function will test browsers's null-case handling-behavior-behavior","         */","            onError(null, options);","        };","","        // run tests","        local.nop(local.modeTest &&","            document.querySelector('#testRunButton1') &&","            document.querySelector('#testRunButton1').click());","        break;","","","","    // run node js-env code - post-init","    /* istanbul ignore next */","    case 'node':","        local.testCase_buildApidoc_default = local.testCase_buildApidoc_default || function (","            options,","            onError","        ) {","        /*","         * this function will test buildApidoc's default handling-behavior-behavior","         */","            options = { modulePathList: module.paths };","            local.buildApidoc(options, onError);","        };","","        local.testCase_buildApp_default = local.testCase_buildApp_default || function (","            options,","            onError","        ) {","        /*","         * this function will test buildApp's default handling-behavior-behavior","         */","            local.testCase_buildReadme_default(options, local.onErrorThrow);","            local.testCase_buildLib_default(options, local.onErrorThrow);","            local.testCase_buildTest_default(options, local.onErrorThrow);","            local.testCase_buildCustomOrg_default(options, local.onErrorThrow);","            options = [];","            local.buildApp(options, onError);","        };","","        local.testCase_buildCustomOrg_default = local.testCase_buildCustomOrg_default ||","            function (options, onError) {","            /*","             * this function will test buildCustomOrg's default handling-behavior","             */","                options = {};","                local.buildCustomOrg(options, onError);","            };","","        local.testCase_buildLib_default = local.testCase_buildLib_default || function (","            options,","            onError","        ) {","        /*","         * this function will test buildLib's default handling-behavior","         */","            options = {};","            local.buildLib(options, onError);","        };","","        local.testCase_buildReadme_default = local.testCase_buildReadme_default || function (","            options,","            onError","        ) {","        /*","         * this function will test buildReadme's default handling-behavior-behavior","         */","            options = {};","            local.buildReadme(options, onError);","        };","","        local.testCase_buildTest_default = local.testCase_buildTest_default || function (","            options,","            onError","        ) {","        /*","         * this function will test buildTest's default handling-behavior","         */","            options = {};","            local.buildTest(options, onError);","        };","","        local.testCase_webpage_default = local.testCase_webpage_default || function (","            options,","            onError","        ) {","        /*","         * this function will test webpage's default handling-behavior","         */","            options = { modeCoverageMerge: true, url: local.serverLocalHost + '?modeTest=1' };","            local.browserTest(options, onError);","        };","","        // run test-server","        local.testRunServer(local);","        break;","    }","}());",""],"l":{"12":2,"14":2,"19":2,"21":2,"23":2,"24":2,"25":2,"30":1,"37":2,"40":2,"43":1,"47":1,"50":1,"52":1,"55":2,"61":2,"62":2,"64":2,"70":1,"76":1,"82":2,"83":2,"85":2,"91":1,"98":1,"102":1,"105":1,"112":1,"119":1,"120":1,"123":1,"130":1,"131":1,"132":1,"133":1,"134":1,"135":1,"138":1,"143":2,"144":2,"147":1,"154":2,"155":2,"158":1,"165":2,"166":2,"169":1,"176":2,"177":2,"180":1,"187":1,"188":1,"192":1,"193":1}},"/home/travis/build/npmtest/node-npmtest-imagesloaded/lib.npmtest_imagesloaded.js":{"path":"/home/travis/build/npmtest/node-npmtest-imagesloaded/lib.npmtest_imagesloaded.js","s":{"1":2,"2":2,"3":2,"4":2,"5":2,"6":2,"7":2,"8":1,"9":2,"10":2,"11":2,"12":2,"13":1,"14":1,"15":1,"16":1},"b":{"1":[2,1,1,1],"2":[1,1,1,1],"3":[1,1],"4":[2,2],"5":[1,1]},"f":{"1":2,"2":2,"3":2},"fnMap":{"1":{"name":"(anonymous_1)","line":12,"loc":{"start":{"line":12,"column":1},"end":{"line":12,"column":13}}},"2":{"name":"(anonymous_2)","line":19,"loc":{"start":{"line":19,"column":5},"end":{"line":19,"column":17}}},"3":{"name":"(anonymous_3)","line":23,"loc":{"start":{"line":23,"column":24},"end":{"line":23,"column":36}}}},"statementMap":{"1":{"start":{"line":12,"column":0},"end":{"line":53,"column":5}},"2":{"start":{"line":14,"column":4},"end":{"line":14,"column":14}},"3":{"start":{"line":19,"column":4},"end":{"line":52,"column":9}},"4":{"start":{"line":21,"column":8},"end":{"line":21,"column":19}},"5":{"start":{"line":23,"column":8},"end":{"line":35,"column":13}},"6":{"start":{"line":24,"column":12},"end":{"line":34,"column":13}},"7":{"start":{"line":25,"column":16},"end":{"line":28,"column":30}},"8":{"start":{"line":30,"column":16},"end":{"line":33,"column":27}},"9":{"start":{"line":37,"column":8},"end":{"line":39,"column":21}},"10":{"start":{"line":41,"column":8},"end":{"line":41,"column":54}},"11":{"start":{"line":43,"column":8},"end":{"line":43,"column":57}},"12":{"start":{"line":45,"column":8},"end":{"line":51,"column":9}},"13":{"start":{"line":46,"column":12},"end":{"line":46,"column":63}},"14":{"start":{"line":48,"column":12},"end":{"line":48,"column":35}},"15":{"start":{"line":49,"column":12},"end":{"line":49,"column":49}},"16":{"start":{"line":50,"column":12},"end":{"line":50,"column":43}}},"branchMap":{"1":{"line":25,"type":"binary-expr","locations":[{"start":{"line":25,"column":23},"end":{"line":25,"column":62}},{"start":{"line":26,"column":20},"end":{"line":26,"column":70}},{"start":{"line":27,"column":20},"end":{"line":27,"column":71}},{"start":{"line":28,"column":20},"end":{"line":28,"column":29}}]},"2":{"line":30,"type":"binary-expr","locations":[{"start":{"line":30,"column":23},"end":{"line":30,"column":37}},{"start":{"line":31,"column":20},"end":{"line":31,"column":61}},{"start":{"line":32,"column":20},"end":{"line":32,"column":70}},{"start":{"line":33,"column":20},"end":{"line":33,"column":26}}]},"3":{"line":37,"type":"cond-expr","locations":[{"start":{"line":38,"column":14},"end":{"line":38,"column":20}},{"start":{"line":39,"column":14},"end":{"line":39,"column":20}}]},"4":{"line":41,"type":"binary-expr","locations":[{"start":{"line":41,"column":16},"end":{"line":41,"column":44}},{"start":{"line":41,"column":48},"end":{"line":41,"column":53}}]},"5":{"line":45,"type":"if","locations":[{"start":{"line":45,"column":8},"end":{"line":45,"column":8}},{"start":{"line":45,"column":8},"end":{"line":45,"column":8}}]}},"code":["/* istanbul instrument in package npmtest_imagesloaded */","/*jslint","    bitwise: true,","    browser: true,","    maxerr: 8,","    maxlen: 96,","    node: true,","    nomen: true,","    regexp: true,","    stupid: true","*/","(function () {","    'use strict';","    var local;","","","","    // run shared js-env code - pre-init","    (function () {","        // init local","        local = {};","        // init modeJs","        local.modeJs = (function () {","            try {","                return typeof navigator.userAgent === 'string' &&","                    typeof document.querySelector('body') === 'object' &&","                    typeof XMLHttpRequest.prototype.open === 'function' &&","                    'browser';","            } catch (errorCaughtBrowser) {","                return module.exports &&","                    typeof process.versions.node === 'string' &&","                    typeof require('http').createServer === 'function' &&","                    'node';","            }","        }());","        // init global","        local.global = local.modeJs === 'browser'","            ? window","            : global;","        // init utility2_rollup","        local = local.global.utility2_rollup || local;","        // init lib","        local.local = local.npmtest_imagesloaded = local;","        // init exports","        if (local.modeJs === 'browser') {","            local.global.utility2_npmtest_imagesloaded = local;","        } else {","            module.exports = local;","            module.exports.__dirname = __dirname;","            module.exports.module = module;","        }","    }());","}());",""],"l":{"12":2,"14":2,"19":2,"21":2,"23":2,"24":2,"25":2,"30":1,"37":2,"41":2,"43":2,"45":2,"46":1,"48":1,"49":1,"50":1}},"/home/travis/build/npmtest/node-npmtest-imagesloaded/example.js":{"path":"/home/travis/build/npmtest/node-npmtest-imagesloaded/example.js","s":{"1":2,"2":2,"3":2,"4":2,"5":2,"6":2,"7":2,"8":1,"9":2,"10":2,"11":2,"12":2,"13":1,"14":2,"15":2,"16":2,"17":2,"18":2,"19":0,"20":2,"21":1,"22":1,"23":1,"24":1,"25":1,"26":0,"27":0,"28":1,"29":1,"30":2,"31":0,"32":0,"33":0,"34":1,"35":2,"36":2,"37":3,"38":3,"39":3,"40":3,"41":0,"42":3,"43":3,"44":3,"45":1,"46":3,"47":1,"48":1,"49":1,"50":1,"51":1,"52":1,"53":1,"54":1,"55":1,"56":1,"57":0,"58":1,"59":6,"60":6,"61":1,"62":2,"63":0,"64":2,"65":1,"66":1,"67":0,"68":0,"69":0,"70":0,"71":0,"72":0,"73":0,"74":0,"75":0,"76":0,"77":0,"78":0,"79":0,"80":0,"81":0,"82":0,"83":0},"b":{"1":[2,1,1,1],"2":[1,1,1,1],"3":[1,1],"4":[2,2],"5":[1,1],"6":[1,1],"7":[2,0],"8":[2,1,1,1,1,1],"9":[0,2,0],"10":[1,1],"11":[2,1,1],"12":[1,0],"13":[0,2],"14":[2,0,0,0,0,0,0],"15":[0,3],"16":[3,0],"17":[1,1],"18":[0,1],"19":[1,2,0,2],"20":[1,0],"21":[1,1],"22":[0,0],"23":[0,0],"24":[0,0],"25":[0,0],"26":[0,0],"27":[0,0],"28":[0,0]},"f":{"1":2,"2":2,"3":2,"4":2,"5":2,"6":2,"7":3,"8":3,"9":3,"10":1,"11":6,"12":0},"fnMap":{"1":{"name":"(anonymous_1)","line":26,"loc":{"start":{"line":26,"column":1},"end":{"line":26,"column":13}}},"2":{"name":"(anonymous_2)","line":33,"loc":{"start":{"line":33,"column":5},"end":{"line":33,"column":17}}},"3":{"name":"(anonymous_3)","line":37,"loc":{"start":{"line":37,"column":24},"end":{"line":37,"column":36}}},"4":{"name":"(anonymous_4)","line":69,"loc":{"start":{"line":69,"column":31},"end":{"line":69,"column":48}},"skip":true},"5":{"name":"(anonymous_5)","line":78,"loc":{"start":{"line":78,"column":26},"end":{"line":78,"column":45}},"skip":true},"6":{"name":"(anonymous_6)","line":123,"loc":{"start":{"line":123,"column":33},"end":{"line":123,"column":48}},"skip":true},"7":{"name":"(anonymous_7)","line":125,"loc":{"start":{"line":125,"column":27},"end":{"line":125,"column":39}},"skip":true},"8":{"name":"(anonymous_8)","line":133,"loc":{"start":{"line":133,"column":59},"end":{"line":133,"column":74}},"skip":true},"9":{"name":"(anonymous_9)","line":143,"loc":{"start":{"line":143,"column":45},"end":{"line":143,"column":62}},"skip":true},"10":{"name":"(anonymous_10)","line":144,"loc":{"start":{"line":144,"column":73},"end":{"line":144,"column":92}},"skip":true},"11":{"name":"(anonymous_11)","line":272,"loc":{"start":{"line":272,"column":51},"end":{"line":272,"column":77}},"skip":true},"12":{"name":"(anonymous_12)","line":315,"loc":{"start":{"line":315,"column":32},"end":{"line":315,"column":61}},"skip":true}},"statementMap":{"1":{"start":{"line":26,"column":0},"end":{"line":326,"column":5}},"2":{"start":{"line":28,"column":4},"end":{"line":28,"column":14}},"3":{"start":{"line":33,"column":4},"end":{"line":60,"column":9}},"4":{"start":{"line":35,"column":8},"end":{"line":35,"column":19}},"5":{"start":{"line":37,"column":8},"end":{"line":49,"column":13}},"6":{"start":{"line":38,"column":12},"end":{"line":48,"column":13}},"7":{"start":{"line":39,"column":16},"end":{"line":42,"column":30}},"8":{"start":{"line":44,"column":16},"end":{"line":47,"column":27}},"9":{"start":{"line":51,"column":8},"end":{"line":53,"column":21}},"10":{"start":{"line":55,"column":8},"end":{"line":57,"column":45}},"11":{"start":{"line":59,"column":8},"end":{"line":59,"column":35}},"12":{"start":{"line":61,"column":4},"end":{"line":325,"column":5}},"13":{"start":{"line":69,"column":8},"end":{"line":121,"column":10},"skip":true},"14":{"start":{"line":70,"column":12},"end":{"line":88,"column":13},"skip":true},"15":{"start":{"line":76,"column":16},"end":{"line":87,"column":19},"skip":true},"16":{"start":{"line":79,"column":20},"end":{"line":86,"column":21},"skip":true},"17":{"start":{"line":82,"column":24},"end":{"line":82,"column":43},"skip":true},"18":{"start":{"line":83,"column":24},"end":{"line":83,"column":30},"skip":true},"19":{"start":{"line":85,"column":24},"end":{"line":85,"column":49},"skip":true},"20":{"start":{"line":89,"column":12},"end":{"line":107,"column":13},"skip":true},"21":{"start":{"line":92,"column":16},"end":{"line":102,"column":17},"skip":true},"22":{"start":{"line":93,"column":20},"end":{"line":93,"column":86},"skip":true},"23":{"start":{"line":94,"column":20},"end":{"line":95,"column":45},"skip":true},"24":{"start":{"line":96,"column":20},"end":{"line":96,"column":42},"skip":true},"25":{"start":{"line":97,"column":20},"end":{"line":97,"column":48},"skip":true},"26":{"start":{"line":100,"column":20},"end":{"line":100,"column":85},"skip":true},"27":{"start":{"line":101,"column":20},"end":{"line":101,"column":96},"skip":true},"28":{"start":{"line":103,"column":16},"end":{"line":103,"column":22},"skip":true},"29":{"start":{"line":106,"column":16},"end":{"line":106,"column":22},"skip":true},"30":{"start":{"line":108,"column":12},"end":{"line":120,"column":13},"skip":true},"31":{"start":{"line":114,"column":16},"end":{"line":119,"column":17},"skip":true},"32":{"start":{"line":116,"column":20},"end":{"line":116,"column":78},"skip":true},"33":{"start":{"line":118,"column":20},"end":{"line":118,"column":47},"skip":true},"34":{"start":{"line":123,"column":8},"end":{"line":141,"column":11},"skip":true},"35":{"start":{"line":124,"column":12},"end":{"line":124,"column":54},"skip":true},"36":{"start":{"line":125,"column":12},"end":{"line":140,"column":14},"skip":true},"37":{"start":{"line":126,"column":16},"end":{"line":126,"column":28},"skip":true},"38":{"start":{"line":127,"column":16},"end":{"line":127,"column":69},"skip":true},"39":{"start":{"line":128,"column":16},"end":{"line":128,"column":75},"skip":true},"40":{"start":{"line":129,"column":16},"end":{"line":131,"column":17},"skip":true},"41":{"start":{"line":130,"column":20},"end":{"line":130,"column":27},"skip":true},"42":{"start":{"line":133,"column":16},"end":{"line":137,"column":36},"skip":true},"43":{"start":{"line":134,"column":20},"end":{"line":136,"column":55},"skip":true},"44":{"start":{"line":139,"column":16},"end":{"line":139,"column":57},"skip":true},"45":{"start":{"line":143,"column":8},"end":{"line":147,"column":11},"skip":true},"46":{"start":{"line":144,"column":12},"end":{"line":146,"column":15},"skip":true},"47":{"start":{"line":145,"column":16},"end":{"line":145,"column":70},"skip":true},"48":{"start":{"line":149,"column":8},"end":{"line":149,"column":31},"skip":true},"49":{"start":{"line":150,"column":8},"end":{"line":150,"column":14},"skip":true},"50":{"start":{"line":158,"column":8},"end":{"line":158,"column":31},"skip":true},"51":{"start":{"line":160,"column":8},"end":{"line":160,"column":33},"skip":true},"52":{"start":{"line":161,"column":8},"end":{"line":161,"column":37},"skip":true},"53":{"start":{"line":162,"column":8},"end":{"line":162,"column":35},"skip":true},"54":{"start":{"line":164,"column":8},"end":{"line":164,"column":50},"skip":true},"55":{"start":{"line":166,"column":8},"end":{"line":256,"column":2},"skip":true},"56":{"start":{"line":258,"column":8},"end":{"line":286,"column":9},"skip":true},"57":{"start":{"line":259,"column":12},"end":{"line":269,"column":14},"skip":true},"58":{"start":{"line":271,"column":12},"end":{"line":285,"column":19},"skip":true},"59":{"start":{"line":274,"column":20},"end":{"line":274,"column":35},"skip":true},"60":{"start":{"line":275,"column":20},"end":{"line":284,"column":21},"skip":true},"61":{"start":{"line":277,"column":24},"end":{"line":277,"column":64},"skip":true},"62":{"start":{"line":279,"column":24},"end":{"line":279,"column":40},"skip":true},"63":{"start":{"line":281,"column":24},"end":{"line":281,"column":40},"skip":true},"64":{"start":{"line":283,"column":24},"end":{"line":283,"column":39},"skip":true},"65":{"start":{"line":288,"column":8},"end":{"line":290,"column":9},"skip":true},"66":{"start":{"line":289,"column":12},"end":{"line":289,"column":18},"skip":true},"67":{"start":{"line":291,"column":8},"end":{"line":293,"column":54},"skip":true},"68":{"start":{"line":296,"column":8},"end":{"line":301,"column":37},"skip":true},"69":{"start":{"line":303,"column":8},"end":{"line":303,"column":82},"skip":true},"70":{"start":{"line":306,"column":8},"end":{"line":308,"column":9},"skip":true},"71":{"start":{"line":307,"column":12},"end":{"line":307,"column":82},"skip":true},"72":{"start":{"line":310,"column":8},"end":{"line":312,"column":9},"skip":true},"73":{"start":{"line":311,"column":12},"end":{"line":311,"column":18},"skip":true},"74":{"start":{"line":313,"column":8},"end":{"line":313,"column":54},"skip":true},"75":{"start":{"line":314,"column":8},"end":{"line":314,"column":69},"skip":true},"76":{"start":{"line":315,"column":8},"end":{"line":323,"column":36},"skip":true},"77":{"start":{"line":316,"column":12},"end":{"line":316,"column":61},"skip":true},"78":{"start":{"line":317,"column":12},"end":{"line":320,"column":13},"skip":true},"79":{"start":{"line":318,"column":16},"end":{"line":318,"column":75},"skip":true},"80":{"start":{"line":319,"column":16},"end":{"line":319,"column":23},"skip":true},"81":{"start":{"line":321,"column":12},"end":{"line":321,"column":38},"skip":true},"82":{"start":{"line":322,"column":12},"end":{"line":322,"column":27},"skip":true},"83":{"start":{"line":324,"column":8},"end":{"line":324,"column":14},"skip":true}},"branchMap":{"1":{"line":39,"type":"binary-expr","locations":[{"start":{"line":39,"column":23},"end":{"line":39,"column":62}},{"start":{"line":40,"column":20},"end":{"line":40,"column":70}},{"start":{"line":41,"column":20},"end":{"line":41,"column":71}},{"start":{"line":42,"column":20},"end":{"line":42,"column":29}}]},"2":{"line":44,"type":"binary-expr","locations":[{"start":{"line":44,"column":23},"end":{"line":44,"column":37}},{"start":{"line":45,"column":20},"end":{"line":45,"column":61}},{"start":{"line":46,"column":20},"end":{"line":46,"column":70}},{"start":{"line":47,"column":20},"end":{"line":47,"column":26}}]},"3":{"line":51,"type":"cond-expr","locations":[{"start":{"line":52,"column":14},"end":{"line":52,"column":20}},{"start":{"line":53,"column":14},"end":{"line":53,"column":20}}]},"4":{"line":55,"type":"binary-expr","locations":[{"start":{"line":55,"column":16},"end":{"line":55,"column":44}},{"start":{"line":55,"column":49},"end":{"line":57,"column":43}}]},"5":{"line":55,"type":"cond-expr","locations":[{"start":{"line":56,"column":14},"end":{"line":56,"column":56}},{"start":{"line":57,"column":14},"end":{"line":57,"column":43}}]},"6":{"line":61,"type":"switch","locations":[{"start":{"line":68,"column":4},"end":{"line":150,"column":14},"skip":true},{"start":{"line":156,"column":4},"end":{"line":324,"column":14},"skip":true}]},"7":{"line":70,"type":"if","locations":[{"start":{"line":70,"column":12},"end":{"line":70,"column":12},"skip":true},{"start":{"line":70,"column":12},"end":{"line":70,"column":12},"skip":true}]},"8":{"line":70,"type":"binary-expr","locations":[{"start":{"line":70,"column":16},"end":{"line":70,"column":22},"skip":true},{"start":{"line":70,"column":27},"end":{"line":70,"column":32},"skip":true},{"start":{"line":71,"column":20},"end":{"line":71,"column":39},"skip":true},{"start":{"line":72,"column":20},"end":{"line":72,"column":49},"skip":true},{"start":{"line":73,"column":20},"end":{"line":73,"column":58},"skip":true},{"start":{"line":74,"column":20},"end":{"line":74,"column":69},"skip":true}]},"9":{"line":79,"type":"switch","locations":[{"start":{"line":80,"column":20},"end":{"line":80,"column":33},"skip":true},{"start":{"line":81,"column":20},"end":{"line":83,"column":30},"skip":true},{"start":{"line":84,"column":20},"end":{"line":85,"column":49},"skip":true}]},"10":{"line":89,"type":"switch","locations":[{"start":{"line":90,"column":12},"end":{"line":103,"column":22},"skip":true},{"start":{"line":105,"column":12},"end":{"line":106,"column":22},"skip":true}]},"11":{"line":89,"type":"binary-expr","locations":[{"start":{"line":89,"column":20},"end":{"line":89,"column":25},"skip":true},{"start":{"line":89,"column":29},"end":{"line":89,"column":48},"skip":true},{"start":{"line":89,"column":52},"end":{"line":89,"column":74},"skip":true}]},"12":{"line":92,"type":"if","locations":[{"start":{"line":92,"column":16},"end":{"line":92,"column":16},"skip":true},{"start":{"line":92,"column":16},"end":{"line":92,"column":16},"skip":true}]},"13":{"line":108,"type":"if","locations":[{"start":{"line":108,"column":12},"end":{"line":108,"column":12},"skip":true},{"start":{"line":108,"column":12},"end":{"line":108,"column":12},"skip":true}]},"14":{"line":108,"type":"binary-expr","locations":[{"start":{"line":108,"column":16},"end":{"line":108,"column":61},"skip":true},{"start":{"line":108,"column":66},"end":{"line":108,"column":72},"skip":true},{"start":{"line":108,"column":77},"end":{"line":108,"column":82},"skip":true},{"start":{"line":109,"column":20},"end":{"line":109,"column":39},"skip":true},{"start":{"line":110,"column":20},"end":{"line":110,"column":49},"skip":true},{"start":{"line":111,"column":20},"end":{"line":111,"column":58},"skip":true},{"start":{"line":112,"column":20},"end":{"line":112,"column":68},"skip":true}]},"15":{"line":129,"type":"if","locations":[{"start":{"line":129,"column":16},"end":{"line":129,"column":16},"skip":true},{"start":{"line":129,"column":16},"end":{"line":129,"column":16},"skip":true}]},"16":{"line":134,"type":"cond-expr","locations":[{"start":{"line":135,"column":26},"end":{"line":135,"column":29},"skip":true},{"start":{"line":136,"column":26},"end":{"line":136,"column":54},"skip":true}]},"17":{"line":164,"type":"binary-expr","locations":[{"start":{"line":164,"column":27},"end":{"line":164,"column":43},"skip":true},{"start":{"line":164,"column":47},"end":{"line":164,"column":49},"skip":true}]},"18":{"line":258,"type":"if","locations":[{"start":{"line":258,"column":8},"end":{"line":258,"column":8},"skip":true},{"start":{"line":258,"column":8},"end":{"line":258,"column":8},"skip":true}]},"19":{"line":275,"type":"switch","locations":[{"start":{"line":276,"column":20},"end":{"line":277,"column":64},"skip":true},{"start":{"line":278,"column":20},"end":{"line":279,"column":40},"skip":true},{"start":{"line":280,"column":20},"end":{"line":281,"column":40},"skip":true},{"start":{"line":282,"column":20},"end":{"line":283,"column":39},"skip":true}]},"20":{"line":288,"type":"if","locations":[{"start":{"line":288,"column":8},"end":{"line":288,"column":8},"skip":true},{"start":{"line":288,"column":8},"end":{"line":288,"column":8},"skip":true}]},"21":{"line":288,"type":"binary-expr","locations":[{"start":{"line":288,"column":12},"end":{"line":288,"column":40},"skip":true},{"start":{"line":288,"column":44},"end":{"line":288,"column":67},"skip":true}]},"22":{"line":292,"type":"binary-expr","locations":[{"start":{"line":292,"column":12},"end":{"line":292,"column":50},"skip":true},{"start":{"line":293,"column":12},"end":{"line":293,"column":53},"skip":true}]},"23":{"line":297,"type":"binary-expr","locations":[{"start":{"line":297,"column":12},"end":{"line":297,"column":70},"skip":true},{"start":{"line":298,"column":12},"end":{"line":301,"column":36},"skip":true}]},"24":{"line":303,"type":"binary-expr","locations":[{"start":{"line":303,"column":43},"end":{"line":303,"column":75},"skip":true},{"start":{"line":303,"column":79},"end":{"line":303,"column":81},"skip":true}]},"25":{"line":306,"type":"if","locations":[{"start":{"line":306,"column":8},"end":{"line":306,"column":8},"skip":true},{"start":{"line":306,"column":8},"end":{"line":306,"column":8},"skip":true}]},"26":{"line":310,"type":"if","locations":[{"start":{"line":310,"column":8},"end":{"line":310,"column":8},"skip":true},{"start":{"line":310,"column":8},"end":{"line":310,"column":8},"skip":true}]},"27":{"line":313,"type":"binary-expr","locations":[{"start":{"line":313,"column":27},"end":{"line":313,"column":43},"skip":true},{"start":{"line":313,"column":47},"end":{"line":313,"column":53},"skip":true}]},"28":{"line":317,"type":"if","locations":[{"start":{"line":317,"column":12},"end":{"line":317,"column":12},"skip":true},{"start":{"line":317,"column":12},"end":{"line":317,"column":12},"skip":true}]}},"code":["/*","example.js","","quickstart example","","instruction","    1. save this script as example.js","    2. run the shell command:","        $ npm install npmtest-imagesloaded && PORT=8081 node example.js","    3. play with the browser-demo on http://127.0.0.1:8081","*/","","","","/* istanbul instrument in package npmtest_imagesloaded */","/*jslint","    bitwise: true,","    browser: true,","    maxerr: 8,","    maxlen: 96,","    node: true,","    nomen: true,","    regexp: true,","    stupid: true","*/","(function () {","    'use strict';","    var local;","","","","    // run shared js-env code - pre-init","    (function () {","        // init local","        local = {};","        // init modeJs","        local.modeJs = (function () {","            try {","                return typeof navigator.userAgent === 'string' &&","                    typeof document.querySelector('body') === 'object' &&","                    typeof XMLHttpRequest.prototype.open === 'function' &&","                    'browser';","            } catch (errorCaughtBrowser) {","                return module.exports &&","                    typeof process.versions.node === 'string' &&","                    typeof require('http').createServer === 'function' &&","                    'node';","            }","        }());","        // init global","        local.global = local.modeJs === 'browser'","            ? window","            : global;","        // init utility2_rollup","        local = local.global.utility2_rollup || (local.modeJs === 'browser'","            ? local.global.utility2_npmtest_imagesloaded","            : global.utility2_moduleExports);","        // export local","        local.global.local = local;","    }());","    switch (local.modeJs) {","","","","    // post-init","    // run browser js-env code - post-init","    /* istanbul ignore next */","    case 'browser':","        local.testRunBrowser = function (event) {","            if (!event || (event &&","                    event.currentTarget &&","                    event.currentTarget.className &&","                    event.currentTarget.className.includes &&","                    event.currentTarget.className.includes('onreset'))) {","                // reset output","                Array.from(","                    document.querySelectorAll('body > .resettable')","                ).forEach(function (element) {","                    switch (element.tagName) {","                    case 'INPUT':","                    case 'TEXTAREA':","                        element.value = '';","                        break;","                    default:","                        element.textContent = '';","                    }","                });","            }","            switch (event && event.currentTarget && event.currentTarget.id) {","            case 'testRunButton1':","                // show tests","                if (document.querySelector('#testReportDiv1').style.display === 'none') {","                    document.querySelector('#testReportDiv1').style.display = 'block';","                    document.querySelector('#testRunButton1').textContent =","                        'hide internal test';","                    local.modeTest = true;","                    local.testRunDefault(local);","                // hide tests","                } else {","                    document.querySelector('#testReportDiv1').style.display = 'none';","                    document.querySelector('#testRunButton1').textContent = 'run internal test';","                }","                break;","            // custom-case","            default:","                break;","            }","            if (document.querySelector('#inputTextareaEval1') && (!event || (event &&","                    event.currentTarget &&","                    event.currentTarget.className &&","                    event.currentTarget.className.includes &&","                    event.currentTarget.className.includes('oneval')))) {","                // try to eval input-code","                try {","                    /*jslint evil: true*/","                    eval(document.querySelector('#inputTextareaEval1').value);","                } catch (errorCaught) {","                    console.error(errorCaught);","                }","            }","        };","        // log stderr and stdout to #outputTextareaStdout1","        ['error', 'log'].forEach(function (key) {","            console[key + '_original'] = console[key];","            console[key] = function () {","                var element;","                console[key + '_original'].apply(console, arguments);","                element = document.querySelector('#outputTextareaStdout1');","                if (!element) {","                    return;","                }","                // append text to #outputTextareaStdout1","                element.value += Array.from(arguments).map(function (arg) {","                    return typeof arg === 'string'","                        ? arg","                        : JSON.stringify(arg, null, 4);","                }).join(' ') + '\\n';","                // scroll textarea to bottom","                element.scrollTop = element.scrollHeight;","            };","        });","        // init event-handling","        ['change', 'click', 'keyup'].forEach(function (event) {","            Array.from(document.querySelectorAll('.on' + event)).forEach(function (element) {","                element.addEventListener(event, local.testRunBrowser);","            });","        });","        // run tests","        local.testRunBrowser();","        break;","","","","    // run node js-env code - post-init","    /* istanbul ignore next */","    case 'node':","        // export local","        module.exports = local;","        // require modules","        local.fs = require('fs');","        local.http = require('http');","        local.url = require('url');","        // init assets","        local.assetsDict = local.assetsDict || {};","        /* jslint-ignore-begin */","        local.assetsDict['/assets.index.template.html'] = '\\","<!doctype html>\\n\\","<html lang=\"en\">\\n\\","<head>\\n\\","<meta charset=\"UTF-8\">\\n\\","<meta name=\"viewport\" content=\"width=device-width, initial-scale=1\">\\n\\","<title>{{env.npm_package_name}} (v{{env.npm_package_version}})</title>\\n\\","<style>\\n\\","/*csslint\\n\\","    box-sizing: false,\\n\\","    universal-selector: false\\n\\","*/\\n\\","* {\\n\\","    box-sizing: border-box;\\n\\","}\\n\\","body {\\n\\","    background: #dde;\\n\\","    font-family: Arial, Helvetica, sans-serif;\\n\\","    margin: 2rem;\\n\\","}\\n\\","body > * {\\n\\","    margin-bottom: 1rem;\\n\\","}\\n\\",".utility2FooterDiv {\\n\\","    margin-top: 20px;\\n\\","    text-align: center;\\n\\","}\\n\\","</style>\\n\\","<style>\\n\\","/*csslint\\n\\","*/\\n\\","textarea {\\n\\","    font-family: monospace;\\n\\","    height: 10rem;\\n\\","    width: 100%;\\n\\","}\\n\\","textarea[readonly] {\\n\\","    background: #ddd;\\n\\","}\\n\\","</style>\\n\\","</head>\\n\\","<body>\\n\\","<!-- utility2-comment\\n\\","<div id=\"ajaxProgressDiv1\" style=\"background: #d00; height: 2px; left: 0; margin: 0; padding: 0; position: fixed; top: 0; transition: background 0.5s, width 1.5s; width: 25%;\"></div>\\n\\","utility2-comment -->\\n\\","<h1>\\n\\","<!-- utility2-comment\\n\\","    <a\\n\\","        {{#if env.npm_package_homepage}}\\n\\","        href=\"{{env.npm_package_homepage}}\"\\n\\","        {{/if env.npm_package_homepage}}\\n\\","        target=\"_blank\"\\n\\","    >\\n\\","utility2-comment -->\\n\\","        {{env.npm_package_name}} (v{{env.npm_package_version}})\\n\\","<!-- utility2-comment\\n\\","    </a>\\n\\","utility2-comment -->\\n\\","</h1>\\n\\","<h3>{{env.npm_package_description}}</h3>\\n\\","<!-- utility2-comment\\n\\","<h4><a download href=\"assets.app.js\">download standalone app</a></h4>\\n\\","<button class=\"onclick onreset\" id=\"testRunButton1\">run internal test</button><br>\\n\\","<div id=\"testReportDiv1\" style=\"display: none;\"></div>\\n\\","utility2-comment -->\\n\\","\\n\\","\\n\\","\\n\\","<label>stderr and stdout</label>\\n\\","<textarea class=\"resettable\" id=\"outputTextareaStdout1\" readonly></textarea>\\n\\","<!-- utility2-comment\\n\\","{{#if isRollup}}\\n\\","<script src=\"assets.app.js\"></script>\\n\\","{{#unless isRollup}}\\n\\","utility2-comment -->\\n\\","<script src=\"assets.utility2.rollup.js\"></script>\\n\\","<script src=\"jsonp.utility2._stateInit?callback=window.utility2._stateInit\"></script>\\n\\","<script src=\"assets.npmtest_imagesloaded.rollup.js\"></script>\\n\\","<script src=\"assets.example.js\"></script>\\n\\","<script src=\"assets.test.js\"></script>\\n\\","<!-- utility2-comment\\n\\","{{/if isRollup}}\\n\\","utility2-comment -->\\n\\","<div class=\"utility2FooterDiv\">\\n\\","    [ this app was created with\\n\\","    <a href=\"https://github.com/kaizhu256/node-utility2\" target=\"_blank\">utility2</a>\\n\\","    ]\\n\\","</div>\\n\\","</body>\\n\\","</html>\\n\\","';","        /* jslint-ignore-end */","        if (local.templateRender) {","            local.assetsDict['/'] = local.templateRender(","                local.assetsDict['/assets.index.template.html'],","                {","                    env: local.objectSetDefault(local.env, {","                        npm_package_description: 'the greatest app in the world!',","                        npm_package_name: 'my-app',","                        npm_package_nameAlias: 'my_app',","                        npm_package_version: '0.0.1'","                    })","                }","            );","        } else {","            local.assetsDict['/'] = local.assetsDict['/assets.index.template.html']","                .replace((/\\{\\{env\\.(\\w+?)\\}\\}/g), function (match0, match1) {","                    // jslint-hack","                    String(match0);","                    switch (match1) {","                    case 'npm_package_description':","                        return 'the greatest app in the world!';","                    case 'npm_package_name':","                        return 'my-app';","                    case 'npm_package_nameAlias':","                        return 'my_app';","                    case 'npm_package_version':","                        return '0.0.1';","                    }","                });","        }","        // run the cli","        if (local.global.utility2_rollup || module !== require.main) {","            break;","        }","        local.assetsDict['/assets.example.js'] =","            local.assetsDict['/assets.example.js'] ||","            local.fs.readFileSync(__filename, 'utf8');","        // bug-workaround - long $npm_package_buildCustomOrg","        /* jslint-ignore-begin */","        local.assetsDict['/assets.npmtest_imagesloaded.rollup.js'] =","            local.assetsDict['/assets.npmtest_imagesloaded.rollup.js'] ||","            local.fs.readFileSync(","                local.npmtest_imagesloaded.__dirname + '/lib.npmtest_imagesloaded.js',","                'utf8'","            ).replace((/^#!/), '//');","        /* jslint-ignore-end */","        local.assetsDict['/favicon.ico'] = local.assetsDict['/favicon.ico'] || '';","        // if $npm_config_timeout_exit exists,","        // then exit this process after $npm_config_timeout_exit ms","        if (Number(process.env.npm_config_timeout_exit)) {","            setTimeout(process.exit, Number(process.env.npm_config_timeout_exit));","        }","        // start server","        if (local.global.utility2_serverHttp1) {","            break;","        }","        process.env.PORT = process.env.PORT || '8081';","        console.error('server starting on port ' + process.env.PORT);","        local.http.createServer(function (request, response) {","            request.urlParsed = local.url.parse(request.url);","            if (local.assetsDict[request.urlParsed.pathname] !== undefined) {","                response.end(local.assetsDict[request.urlParsed.pathname]);","                return;","            }","            response.statusCode = 404;","            response.end();","        }).listen(process.env.PORT);","        break;","    }","}());",""],"l":{"26":2,"28":2,"33":2,"35":2,"37":2,"38":2,"39":2,"44":1,"51":2,"55":2,"59":2,"61":2,"69":1,"70":2,"76":2,"79":2,"82":2,"83":2,"85":1,"89":2,"92":1,"93":1,"94":1,"96":1,"97":1,"100":1,"101":1,"103":1,"106":1,"108":2,"114":1,"116":1,"118":1,"123":1,"124":2,"125":2,"126":3,"127":3,"128":3,"129":3,"130":1,"133":3,"134":3,"139":3,"143":1,"144":3,"145":1,"149":1,"150":1,"158":1,"160":1,"161":1,"162":1,"164":1,"166":1,"258":1,"259":1,"271":1,"274":6,"275":6,"277":1,"279":2,"281":1,"283":2,"288":1,"289":1,"291":1,"296":1,"303":1,"306":1,"307":1,"310":1,"311":1,"313":1,"314":1,"315":1,"316":1,"317":1,"318":1,"319":1,"321":1,"322":1,"324":1}},"/home/travis/build/npmtest/node-npmtest-imagesloaded/node_modules/imagesloaded/imagesloaded.js":{"path":"/home/travis/build/npmtest/node-npmtest-imagesloaded/node_modules/imagesloaded/imagesloaded.js","s":{"1":2,"2":0,"3":0,"4":0,"5":0,"6":0,"7":0,"8":0,"9":0,"10":1,"11":0,"12":0,"13":0,"14":1,"15":0,"16":0,"17":0,"18":0,"19":0,"20":0,"21":0,"22":0,"23":1,"24":0,"25":0,"26":0,"27":0,"28":0,"29":0,"30":0,"31":0,"32":0,"33":0,"34":0,"35":0,"36":0,"37":0,"38":0,"39":0,"40":0,"41":0,"42":0,"43":0,"44":0,"45":0,"46":0,"47":0,"48":0,"49":0,"50":0,"51":0,"52":0,"53":0,"54":0,"55":0,"56":0,"57":0,"58":0,"59":0,"60":0,"61":0,"62":0,"63":0,"64":0,"65":0,"66":0,"67":0,"68":0,"69":0,"70":0,"71":0,"72":0,"73":0,"74":0,"75":0,"76":0,"77":0,"78":0,"79":0,"80":0,"81":0,"82":0,"83":0,"84":0,"85":0,"86":0,"87":1,"88":0,"89":0,"90":0,"91":0,"92":0,"93":0,"94":0,"95":0,"96":0,"97":0,"98":0,"99":0,"100":0,"101":0,"102":0,"103":0,"104":0,"105":0,"106":0,"107":0,"108":0,"109":0,"110":0,"111":1,"112":0,"113":0,"114":0,"115":0,"116":0,"117":0,"118":0,"119":0,"120":0,"121":0,"122":0,"123":0,"124":0,"125":0,"126":0,"127":0,"128":0,"129":0,"130":0,"131":0,"132":0,"133":0,"134":0,"135":0,"136":0,"137":0,"138":0,"139":0,"140":0,"141":0,"142":0,"143":0,"144":0,"145":1,"146":0,"147":0,"148":0,"149":0,"150":0,"151":0,"152":0,"153":0,"154":0,"155":0,"156":0,"157":0,"158":0,"159":0,"160":0,"161":0,"162":0,"163":0,"164":0,"165":0,"166":0,"167":0,"168":0,"169":0,"170":0,"171":0,"172":0,"173":0},"b":{"1":[0,0],"2":[0,0],"3":[0,0],"4":[0,0],"5":[0,0],"6":[0,0],"7":[0,0],"8":[0,0],"9":[0,0],"10":[0,0],"11":[0,0],"12":[0,0],"13":[0,0],"14":[0,0],"15":[0,0],"16":[0,0],"17":[0,0],"18":[0,0],"19":[0,0],"20":[0,0],"21":[0,0],"22":[0,0],"23":[0,0],"24":[0,0],"25":[0,0],"26":[0,0],"27":[0,0],"28":[0,0],"29":[0,0],"30":[0,0],"31":[0,0],"32":[0,0],"33":[0,0],"34":[0,0],"35":[0,0]},"f":{"1":0,"2":0,"3":0,"4":0,"5":0,"6":0,"7":0,"8":0,"9":0,"10":0,"11":0,"12":0,"13":0,"14":0,"15":0,"16":0,"17":0,"18":0,"19":0,"20":0,"21":0,"22":0,"23":0,"24":0,"25":0,"26":0,"27":0,"28":0,"29":0,"30":0,"31":0,"32":0},"fnMap":{"1":{"name":"(anonymous_1)","line":7,"loc":{"start":{"line":7,"column":2},"end":{"line":7,"column":30}}},"2":{"name":"(anonymous_2)","line":16,"loc":{"start":{"line":16,"column":7},"end":{"line":16,"column":29}}},"3":{"name":"factory","line":37,"loc":{"start":{"line":37,"column":0},"end":{"line":37,"column":38}}},"4":{"name":"extend","line":47,"loc":{"start":{"line":47,"column":0},"end":{"line":47,"column":24}}},"5":{"name":"makeArray","line":55,"loc":{"start":{"line":55,"column":0},"end":{"line":55,"column":26}}},"6":{"name":"ImagesLoaded","line":79,"loc":{"start":{"line":79,"column":0},"end":{"line":79,"column":49}}},"7":{"name":"(anonymous_7)","line":110,"loc":{"start":{"line":110,"column":14},"end":{"line":110,"column":25}}},"8":{"name":"(anonymous_8)","line":119,"loc":{"start":{"line":119,"column":35},"end":{"line":119,"column":46}}},"9":{"name":"(anonymous_9)","line":129,"loc":{"start":{"line":129,"column":42},"end":{"line":129,"column":59}}},"10":{"name":"(anonymous_10)","line":168,"loc":{"start":{"line":168,"column":52},"end":{"line":168,"column":69}}},"11":{"name":"(anonymous_11)","line":189,"loc":{"start":{"line":189,"column":34},"end":{"line":189,"column":50}}},"12":{"name":"(anonymous_12)","line":194,"loc":{"start":{"line":194,"column":39},"end":{"line":194,"column":61}}},"13":{"name":"(anonymous_13)","line":199,"loc":{"start":{"line":199,"column":31},"end":{"line":199,"column":42}}},"14":{"name":"onProgress","line":209,"loc":{"start":{"line":209,"column":2},"end":{"line":209,"column":46}}},"15":{"name":"(anonymous_15)","line":211,"loc":{"start":{"line":211,"column":16},"end":{"line":211,"column":27}}},"16":{"name":"(anonymous_16)","line":216,"loc":{"start":{"line":216,"column":23},"end":{"line":216,"column":48}}},"17":{"name":"(anonymous_17)","line":222,"loc":{"start":{"line":222,"column":34},"end":{"line":222,"column":67}}},"18":{"name":"(anonymous_18)","line":240,"loc":{"start":{"line":240,"column":34},"end":{"line":240,"column":45}}},"19":{"name":"LoadingImage","line":253,"loc":{"start":{"line":253,"column":0},"end":{"line":253,"column":29}}},"20":{"name":"(anonymous_20)","line":259,"loc":{"start":{"line":259,"column":31},"end":{"line":259,"column":42}}},"21":{"name":"(anonymous_21)","line":279,"loc":{"start":{"line":279,"column":44},"end":{"line":279,"column":55}}},"22":{"name":"(anonymous_22)","line":283,"loc":{"start":{"line":283,"column":33},"end":{"line":283,"column":63}}},"23":{"name":"(anonymous_23)","line":291,"loc":{"start":{"line":291,"column":37},"end":{"line":291,"column":55}}},"24":{"name":"(anonymous_24)","line":298,"loc":{"start":{"line":298,"column":32},"end":{"line":298,"column":43}}},"25":{"name":"(anonymous_25)","line":303,"loc":{"start":{"line":303,"column":33},"end":{"line":303,"column":44}}},"26":{"name":"(anonymous_26)","line":308,"loc":{"start":{"line":308,"column":38},"end":{"line":308,"column":49}}},"27":{"name":"Background","line":317,"loc":{"start":{"line":317,"column":0},"end":{"line":317,"column":36}}},"28":{"name":"(anonymous_28)","line":326,"loc":{"start":{"line":326,"column":29},"end":{"line":326,"column":40}}},"29":{"name":"(anonymous_29)","line":338,"loc":{"start":{"line":338,"column":36},"end":{"line":338,"column":47}}},"30":{"name":"(anonymous_30)","line":343,"loc":{"start":{"line":343,"column":31},"end":{"line":343,"column":61}}},"31":{"name":"(anonymous_31)","line":350,"loc":{"start":{"line":350,"column":32},"end":{"line":350,"column":51}}},"32":{"name":"(anonymous_32)","line":358,"loc":{"start":{"line":358,"column":22},"end":{"line":358,"column":52}}}},"statementMap":{"1":{"start":{"line":7,"column":0},"end":{"line":370,"column":3}},"2":{"start":{"line":12,"column":2},"end":{"line":31,"column":3}},"3":{"start":{"line":14,"column":4},"end":{"line":18,"column":7}},"4":{"start":{"line":17,"column":6},"end":{"line":17,"column":42}},"5":{"start":{"line":19,"column":9},"end":{"line":31,"column":3}},"6":{"start":{"line":21,"column":4},"end":{"line":24,"column":6}},"7":{"start":{"line":27,"column":4},"end":{"line":30,"column":6}},"8":{"start":{"line":41,"column":0},"end":{"line":41,"column":22}},"9":{"start":{"line":42,"column":0},"end":{"line":42,"column":29}},"10":{"start":{"line":47,"column":0},"end":{"line":52,"column":1}},"11":{"start":{"line":48,"column":2},"end":{"line":50,"column":3}},"12":{"start":{"line":49,"column":4},"end":{"line":49,"column":26}},"13":{"start":{"line":51,"column":2},"end":{"line":51,"column":11}},"14":{"start":{"line":55,"column":0},"end":{"line":70,"column":1}},"15":{"start":{"line":56,"column":2},"end":{"line":56,"column":15}},"16":{"start":{"line":57,"column":2},"end":{"line":68,"column":3}},"17":{"start":{"line":59,"column":4},"end":{"line":59,"column":14}},"18":{"start":{"line":60,"column":9},"end":{"line":68,"column":3}},"19":{"start":{"line":62,"column":4},"end":{"line":64,"column":5}},"20":{"start":{"line":63,"column":6},"end":{"line":63,"column":25}},"21":{"start":{"line":67,"column":4},"end":{"line":67,"column":20}},"22":{"start":{"line":69,"column":2},"end":{"line":69,"column":13}},"23":{"start":{"line":79,"column":0},"end":{"line":113,"column":1}},"24":{"start":{"line":81,"column":2},"end":{"line":83,"column":3}},"25":{"start":{"line":82,"column":4},"end":{"line":82,"column":55}},"26":{"start":{"line":85,"column":2},"end":{"line":87,"column":3}},"27":{"start":{"line":86,"column":4},"end":{"line":86,"column":45}},"28":{"start":{"line":89,"column":2},"end":{"line":89,"column":36}},"29":{"start":{"line":90,"column":2},"end":{"line":90,"column":44}},"30":{"start":{"line":92,"column":2},"end":{"line":96,"column":3}},"31":{"start":{"line":93,"column":4},"end":{"line":93,"column":23}},"32":{"start":{"line":95,"column":4},"end":{"line":95,"column":36}},"33":{"start":{"line":98,"column":2},"end":{"line":100,"column":3}},"34":{"start":{"line":99,"column":4},"end":{"line":99,"column":34}},"35":{"start":{"line":102,"column":2},"end":{"line":102,"column":19}},"36":{"start":{"line":104,"column":2},"end":{"line":107,"column":3}},"37":{"start":{"line":106,"column":4},"end":{"line":106,"column":39}},"38":{"start":{"line":110,"column":2},"end":{"line":112,"column":18}},"39":{"start":{"line":111,"column":4},"end":{"line":111,"column":17}},"40":{"start":{"line":115,"column":0},"end":{"line":115,"column":62}},"41":{"start":{"line":117,"column":0},"end":{"line":117,"column":36}},"42":{"start":{"line":119,"column":0},"end":{"line":124,"column":2}},"43":{"start":{"line":120,"column":2},"end":{"line":120,"column":19}},"44":{"start":{"line":123,"column":2},"end":{"line":123,"column":55}},"45":{"start":{"line":129,"column":0},"end":{"line":160,"column":2}},"46":{"start":{"line":131,"column":2},"end":{"line":133,"column":3}},"47":{"start":{"line":132,"column":4},"end":{"line":132,"column":26}},"48":{"start":{"line":135,"column":2},"end":{"line":137,"column":3}},"49":{"start":{"line":136,"column":4},"end":{"line":136,"column":44}},"50":{"start":{"line":141,"column":2},"end":{"line":141,"column":31}},"51":{"start":{"line":142,"column":2},"end":{"line":144,"column":3}},"52":{"start":{"line":143,"column":4},"end":{"line":143,"column":11}},"53":{"start":{"line":145,"column":2},"end":{"line":145,"column":47}},"54":{"start":{"line":147,"column":2},"end":{"line":150,"column":3}},"55":{"start":{"line":148,"column":4},"end":{"line":148,"column":27}},"56":{"start":{"line":149,"column":4},"end":{"line":149,"column":25}},"57":{"start":{"line":153,"column":2},"end":{"line":159,"column":3}},"58":{"start":{"line":154,"column":4},"end":{"line":154,"column":68}},"59":{"start":{"line":155,"column":4},"end":{"line":158,"column":5}},"60":{"start":{"line":156,"column":6},"end":{"line":156,"column":30}},"61":{"start":{"line":157,"column":6},"end":{"line":157,"column":47}},"62":{"start":{"line":162,"column":0},"end":{"line":166,"column":2}},"63":{"start":{"line":168,"column":0},"end":{"line":184,"column":2}},"64":{"start":{"line":169,"column":2},"end":{"line":169,"column":39}},"65":{"start":{"line":170,"column":2},"end":{"line":173,"column":3}},"66":{"start":{"line":172,"column":4},"end":{"line":172,"column":11}},"67":{"start":{"line":175,"column":2},"end":{"line":175,"column":40}},"68":{"start":{"line":176,"column":2},"end":{"line":176,"column":52}},"69":{"start":{"line":177,"column":2},"end":{"line":183,"column":3}},"70":{"start":{"line":178,"column":4},"end":{"line":178,"column":36}},"71":{"start":{"line":179,"column":4},"end":{"line":181,"column":5}},"72":{"start":{"line":180,"column":6},"end":{"line":180,"column":38}},"73":{"start":{"line":182,"column":4},"end":{"line":182,"column":50}},"74":{"start":{"line":189,"column":0},"end":{"line":192,"column":2}},"75":{"start":{"line":190,"column":2},"end":{"line":190,"column":45}},"76":{"start":{"line":191,"column":2},"end":{"line":191,"column":35}},"77":{"start":{"line":194,"column":0},"end":{"line":197,"column":2}},"78":{"start":{"line":195,"column":2},"end":{"line":195,"column":47}},"79":{"start":{"line":196,"column":2},"end":{"line":196,"column":33}},"80":{"start":{"line":199,"column":0},"end":{"line":220,"column":2}},"81":{"start":{"line":200,"column":2},"end":{"line":200,"column":19}},"82":{"start":{"line":201,"column":2},"end":{"line":201,"column":27}},"83":{"start":{"line":202,"column":2},"end":{"line":202,"column":28}},"84":{"start":{"line":204,"column":2},"end":{"line":207,"column":3}},"85":{"start":{"line":205,"column":4},"end":{"line":205,"column":20}},"86":{"start":{"line":206,"column":4},"end":{"line":206,"column":11}},"87":{"start":{"line":209,"column":2},"end":{"line":214,"column":3}},"88":{"start":{"line":211,"column":4},"end":{"line":213,"column":7}},"89":{"start":{"line":212,"column":6},"end":{"line":212,"column":45}},"90":{"start":{"line":216,"column":2},"end":{"line":219,"column":5}},"91":{"start":{"line":217,"column":4},"end":{"line":217,"column":48}},"92":{"start":{"line":218,"column":4},"end":{"line":218,"column":25}},"93":{"start":{"line":222,"column":0},"end":{"line":238,"column":2}},"94":{"start":{"line":223,"column":2},"end":{"line":223,"column":25}},"95":{"start":{"line":224,"column":2},"end":{"line":224,"column":59}},"96":{"start":{"line":226,"column":2},"end":{"line":226,"column":54}},"97":{"start":{"line":227,"column":2},"end":{"line":229,"column":3}},"98":{"start":{"line":228,"column":4},"end":{"line":228,"column":42}},"99":{"start":{"line":231,"column":2},"end":{"line":233,"column":3}},"100":{"start":{"line":232,"column":4},"end":{"line":232,"column":20}},"101":{"start":{"line":235,"column":2},"end":{"line":237,"column":3}},"102":{"start":{"line":236,"column":4},"end":{"line":236,"column":55}},"103":{"start":{"line":240,"column":0},"end":{"line":249,"column":2}},"104":{"start":{"line":241,"column":2},"end":{"line":241,"column":54}},"105":{"start":{"line":242,"column":2},"end":{"line":242,"column":25}},"106":{"start":{"line":243,"column":2},"end":{"line":243,"column":40}},"107":{"start":{"line":244,"column":2},"end":{"line":244,"column":39}},"108":{"start":{"line":245,"column":2},"end":{"line":248,"column":3}},"109":{"start":{"line":246,"column":4},"end":{"line":246,"column":60}},"110":{"start":{"line":247,"column":4},"end":{"line":247,"column":40}},"111":{"start":{"line":253,"column":0},"end":{"line":255,"column":1}},"112":{"start":{"line":254,"column":2},"end":{"line":254,"column":17}},"113":{"start":{"line":257,"column":0},"end":{"line":257,"column":62}},"114":{"start":{"line":259,"column":0},"end":{"line":277,"column":2}},"115":{"start":{"line":262,"column":2},"end":{"line":262,"column":45}},"116":{"start":{"line":263,"column":2},"end":{"line":267,"column":3}},"117":{"start":{"line":265,"column":4},"end":{"line":265,"column":64}},"118":{"start":{"line":266,"column":4},"end":{"line":266,"column":11}},"119":{"start":{"line":270,"column":2},"end":{"line":270,"column":32}},"120":{"start":{"line":271,"column":2},"end":{"line":271,"column":51}},"121":{"start":{"line":272,"column":2},"end":{"line":272,"column":52}},"122":{"start":{"line":274,"column":2},"end":{"line":274,"column":44}},"123":{"start":{"line":275,"column":2},"end":{"line":275,"column":45}},"124":{"start":{"line":276,"column":2},"end":{"line":276,"column":37}},"125":{"start":{"line":279,"column":0},"end":{"line":281,"column":2}},"126":{"start":{"line":280,"column":2},"end":{"line":280,"column":66}},"127":{"start":{"line":283,"column":0},"end":{"line":286,"column":2}},"128":{"start":{"line":284,"column":2},"end":{"line":284,"column":27}},"129":{"start":{"line":285,"column":2},"end":{"line":285,"column":60}},"130":{"start":{"line":291,"column":0},"end":{"line":296,"column":2}},"131":{"start":{"line":292,"column":2},"end":{"line":292,"column":33}},"132":{"start":{"line":293,"column":2},"end":{"line":295,"column":3}},"133":{"start":{"line":294,"column":4},"end":{"line":294,"column":28}},"134":{"start":{"line":298,"column":0},"end":{"line":301,"column":2}},"135":{"start":{"line":299,"column":2},"end":{"line":299,"column":33}},"136":{"start":{"line":300,"column":2},"end":{"line":300,"column":22}},"137":{"start":{"line":303,"column":0},"end":{"line":306,"column":2}},"138":{"start":{"line":304,"column":2},"end":{"line":304,"column":35}},"139":{"start":{"line":305,"column":2},"end":{"line":305,"column":22}},"140":{"start":{"line":308,"column":0},"end":{"line":313,"column":2}},"141":{"start":{"line":309,"column":2},"end":{"line":309,"column":54}},"142":{"start":{"line":310,"column":2},"end":{"line":310,"column":55}},"143":{"start":{"line":311,"column":2},"end":{"line":311,"column":47}},"144":{"start":{"line":312,"column":2},"end":{"line":312,"column":48}},"145":{"start":{"line":317,"column":0},"end":{"line":321,"column":1}},"146":{"start":{"line":318,"column":2},"end":{"line":318,"column":17}},"147":{"start":{"line":319,"column":2},"end":{"line":319,"column":25}},"148":{"start":{"line":320,"column":2},"end":{"line":320,"column":25}},"149":{"start":{"line":324,"column":0},"end":{"line":324,"column":63}},"150":{"start":{"line":326,"column":0},"end":{"line":336,"column":2}},"151":{"start":{"line":327,"column":2},"end":{"line":327,"column":44}},"152":{"start":{"line":328,"column":2},"end":{"line":328,"column":45}},"153":{"start":{"line":329,"column":2},"end":{"line":329,"column":26}},"154":{"start":{"line":331,"column":2},"end":{"line":331,"column":45}},"155":{"start":{"line":332,"column":2},"end":{"line":335,"column":3}},"156":{"start":{"line":333,"column":4},"end":{"line":333,"column":64}},"157":{"start":{"line":334,"column":4},"end":{"line":334,"column":24}},"158":{"start":{"line":338,"column":0},"end":{"line":341,"column":2}},"159":{"start":{"line":339,"column":2},"end":{"line":339,"column":47}},"160":{"start":{"line":340,"column":2},"end":{"line":340,"column":48}},"161":{"start":{"line":343,"column":0},"end":{"line":346,"column":2}},"162":{"start":{"line":344,"column":2},"end":{"line":344,"column":27}},"163":{"start":{"line":345,"column":2},"end":{"line":345,"column":64}},"164":{"start":{"line":350,"column":0},"end":{"line":362,"column":2}},"165":{"start":{"line":351,"column":2},"end":{"line":351,"column":35}},"166":{"start":{"line":352,"column":2},"end":{"line":354,"column":3}},"167":{"start":{"line":353,"column":4},"end":{"line":353,"column":11}},"168":{"start":{"line":356,"column":2},"end":{"line":356,"column":13}},"169":{"start":{"line":358,"column":2},"end":{"line":361,"column":4}},"170":{"start":{"line":359,"column":4},"end":{"line":359,"column":63}},"171":{"start":{"line":360,"column":4},"end":{"line":360,"column":50}},"172":{"start":{"line":364,"column":0},"end":{"line":364,"column":32}},"173":{"start":{"line":368,"column":0},"end":{"line":368,"column":20}}},"branchMap":{"1":{"line":12,"type":"if","locations":[{"start":{"line":12,"column":2},"end":{"line":12,"column":2}},{"start":{"line":12,"column":2},"end":{"line":12,"column":2}}]},"2":{"line":12,"type":"binary-expr","locations":[{"start":{"line":12,"column":7},"end":{"line":12,"column":34}},{"start":{"line":12,"column":38},"end":{"line":12,"column":48}}]},"3":{"line":19,"type":"if","locations":[{"start":{"line":19,"column":9},"end":{"line":19,"column":9}},{"start":{"line":19,"column":9},"end":{"line":19,"column":9}}]},"4":{"line":19,"type":"binary-expr","locations":[{"start":{"line":19,"column":14},"end":{"line":19,"column":39}},{"start":{"line":19,"column":43},"end":{"line":19,"column":57}}]},"5":{"line":57,"type":"if","locations":[{"start":{"line":57,"column":2},"end":{"line":57,"column":2}},{"start":{"line":57,"column":2},"end":{"line":57,"column":2}}]},"6":{"line":60,"type":"if","locations":[{"start":{"line":60,"column":9},"end":{"line":60,"column":9}},{"start":{"line":60,"column":9},"end":{"line":60,"column":9}}]},"7":{"line":81,"type":"if","locations":[{"start":{"line":81,"column":2},"end":{"line":81,"column":2}},{"start":{"line":81,"column":2},"end":{"line":81,"column":2}}]},"8":{"line":85,"type":"if","locations":[{"start":{"line":85,"column":2},"end":{"line":85,"column":2}},{"start":{"line":85,"column":2},"end":{"line":85,"column":2}}]},"9":{"line":92,"type":"if","locations":[{"start":{"line":92,"column":2},"end":{"line":92,"column":2}},{"start":{"line":92,"column":2},"end":{"line":92,"column":2}}]},"10":{"line":98,"type":"if","locations":[{"start":{"line":98,"column":2},"end":{"line":98,"column":2}},{"start":{"line":98,"column":2},"end":{"line":98,"column":2}}]},"11":{"line":104,"type":"if","locations":[{"start":{"line":104,"column":2},"end":{"line":104,"column":2}},{"start":{"line":104,"column":2},"end":{"line":104,"column":2}}]},"12":{"line":131,"type":"if","locations":[{"start":{"line":131,"column":2},"end":{"line":131,"column":2}},{"start":{"line":131,"column":2},"end":{"line":131,"column":2}}]},"13":{"line":135,"type":"if","locations":[{"start":{"line":135,"column":2},"end":{"line":135,"column":2}},{"start":{"line":135,"column":2},"end":{"line":135,"column":2}}]},"14":{"line":142,"type":"if","locations":[{"start":{"line":142,"column":2},"end":{"line":142,"column":2}},{"start":{"line":142,"column":2},"end":{"line":142,"column":2}}]},"15":{"line":142,"type":"binary-expr","locations":[{"start":{"line":142,"column":7},"end":{"line":142,"column":16}},{"start":{"line":142,"column":20},"end":{"line":142,"column":49}}]},"16":{"line":153,"type":"if","locations":[{"start":{"line":153,"column":2},"end":{"line":153,"column":2}},{"start":{"line":153,"column":2},"end":{"line":153,"column":2}}]},"17":{"line":170,"type":"if","locations":[{"start":{"line":170,"column":2},"end":{"line":170,"column":2}},{"start":{"line":170,"column":2},"end":{"line":170,"column":2}}]},"18":{"line":178,"type":"binary-expr","locations":[{"start":{"line":178,"column":14},"end":{"line":178,"column":21}},{"start":{"line":178,"column":25},"end":{"line":178,"column":35}}]},"19":{"line":179,"type":"if","locations":[{"start":{"line":179,"column":4},"end":{"line":179,"column":4}},{"start":{"line":179,"column":4},"end":{"line":179,"column":4}}]},"20":{"line":204,"type":"if","locations":[{"start":{"line":204,"column":2},"end":{"line":204,"column":2}},{"start":{"line":204,"column":2},"end":{"line":204,"column":2}}]},"21":{"line":224,"type":"binary-expr","locations":[{"start":{"line":224,"column":22},"end":{"line":224,"column":39}},{"start":{"line":224,"column":43},"end":{"line":224,"column":58}}]},"22":{"line":227,"type":"if","locations":[{"start":{"line":227,"column":2},"end":{"line":227,"column":2}},{"start":{"line":227,"column":2},"end":{"line":227,"column":2}}]},"23":{"line":227,"type":"binary-expr","locations":[{"start":{"line":227,"column":7},"end":{"line":227,"column":22}},{"start":{"line":227,"column":26},"end":{"line":227,"column":48}}]},"24":{"line":231,"type":"if","locations":[{"start":{"line":231,"column":2},"end":{"line":231,"column":2}},{"start":{"line":231,"column":2},"end":{"line":231,"column":2}}]},"25":{"line":235,"type":"if","locations":[{"start":{"line":235,"column":2},"end":{"line":235,"column":2}},{"start":{"line":235,"column":2},"end":{"line":235,"column":2}}]},"26":{"line":235,"type":"binary-expr","locations":[{"start":{"line":235,"column":7},"end":{"line":235,"column":25}},{"start":{"line":235,"column":29},"end":{"line":235,"column":36}}]},"27":{"line":241,"type":"cond-expr","locations":[{"start":{"line":241,"column":38},"end":{"line":241,"column":44}},{"start":{"line":241,"column":47},"end":{"line":241,"column":53}}]},"28":{"line":245,"type":"if","locations":[{"start":{"line":245,"column":2},"end":{"line":245,"column":2}},{"start":{"line":245,"column":2},"end":{"line":245,"column":2}}]},"29":{"line":246,"type":"cond-expr","locations":[{"start":{"line":246,"column":39},"end":{"line":246,"column":47}},{"start":{"line":246,"column":50},"end":{"line":246,"column":59}}]},"30":{"line":263,"type":"if","locations":[{"start":{"line":263,"column":2},"end":{"line":263,"column":2}},{"start":{"line":263,"column":2},"end":{"line":263,"column":2}}]},"31":{"line":280,"type":"binary-expr","locations":[{"start":{"line":280,"column":9},"end":{"line":280,"column":26}},{"start":{"line":280,"column":30},"end":{"line":280,"column":65}}]},"32":{"line":293,"type":"if","locations":[{"start":{"line":293,"column":2},"end":{"line":293,"column":2}},{"start":{"line":293,"column":2},"end":{"line":293,"column":2}}]},"33":{"line":332,"type":"if","locations":[{"start":{"line":332,"column":2},"end":{"line":332,"column":2}},{"start":{"line":332,"column":2},"end":{"line":332,"column":2}}]},"34":{"line":351,"type":"binary-expr","locations":[{"start":{"line":351,"column":11},"end":{"line":351,"column":17}},{"start":{"line":351,"column":21},"end":{"line":351,"column":34}}]},"35":{"line":352,"type":"if","locations":[{"start":{"line":352,"column":2},"end":{"line":352,"column":2}},{"start":{"line":352,"column":2},"end":{"line":352,"column":2}}]}},"code":["/*!"," * imagesLoaded v4.1.1"," * JavaScript is all like \"You images are done yet or what?\""," * MIT License"," */","","( function( window, factory ) { 'use strict';","  // universal module definition","","  /*global define: false, module: false, require: false */","","  if ( typeof define == 'function' && define.amd ) {","    // AMD","    define( [","      'ev-emitter/ev-emitter'","    ], function( EvEmitter ) {","      return factory( window, EvEmitter );","    });","  } else if ( typeof module == 'object' && module.exports ) {","    // CommonJS","    module.exports = factory(","      window,","      require('ev-emitter')","    );","  } else {","    // browser global","    window.imagesLoaded = factory(","      window,","      window.EvEmitter","    );","  }","","})( window,","","// --------------------------  factory -------------------------- //","","function factory( window, EvEmitter ) {","","'use strict';","","var $ = window.jQuery;","var console = window.console;","","// -------------------------- helpers -------------------------- //","","// extend objects","function extend( a, b ) {","  for ( var prop in b ) {","    a[ prop ] = b[ prop ];","  }","  return a;","}","","// turn element or nodeList into an array","function makeArray( obj ) {","  var ary = [];","  if ( Array.isArray( obj ) ) {","    // use object if already an array","    ary = obj;","  } else if ( typeof obj.length == 'number' ) {","    // convert nodeList to array","    for ( var i=0; i < obj.length; i++ ) {","      ary.push( obj[i] );","    }","  } else {","    // array of single index","    ary.push( obj );","  }","  return ary;","}","","// -------------------------- imagesLoaded -------------------------- //","","/**"," * @param {Array, Element, NodeList, String} elem"," * @param {Object or Function} options - if function, use as callback"," * @param {Function} onAlways - callback function"," */","function ImagesLoaded( elem, options, onAlways ) {","  // coerce ImagesLoaded() without new, to be new ImagesLoaded()","  if ( !( this instanceof ImagesLoaded ) ) {","    return new ImagesLoaded( elem, options, onAlways );","  }","  // use elem as selector string","  if ( typeof elem == 'string' ) {","    elem = document.querySelectorAll( elem );","  }","","  this.elements = makeArray( elem );","  this.options = extend( {}, this.options );","","  if ( typeof options == 'function' ) {","    onAlways = options;","  } else {","    extend( this.options, options );","  }","","  if ( onAlways ) {","    this.on( 'always', onAlways );","  }","","  this.getImages();","","  if ( $ ) {","    // add jQuery Deferred object","    this.jqDeferred = new $.Deferred();","  }","","  // HACK check async to allow time to bind listeners","  setTimeout( function() {","    this.check();","  }.bind( this ));","}","","ImagesLoaded.prototype = Object.create( EvEmitter.prototype );","","ImagesLoaded.prototype.options = {};","","ImagesLoaded.prototype.getImages = function() {","  this.images = [];","","  // filter & find items if we have an item selector","  this.elements.forEach( this.addElementImages, this );","};","","/**"," * @param {Node} element"," */","ImagesLoaded.prototype.addElementImages = function( elem ) {","  // filter siblings","  if ( elem.nodeName == 'IMG' ) {","    this.addImage( elem );","  }","  // get background image on element","  if ( this.options.background === true ) {","    this.addElementBackgroundImages( elem );","  }","","  // find children","  // no non-element nodes, #143","  var nodeType = elem.nodeType;","  if ( !nodeType || !elementNodeTypes[ nodeType ] ) {","    return;","  }","  var childImgs = elem.querySelectorAll('img');","  // concat childElems to filterFound array","  for ( var i=0; i < childImgs.length; i++ ) {","    var img = childImgs[i];","    this.addImage( img );","  }","","  // get child background images","  if ( typeof this.options.background == 'string' ) {","    var children = elem.querySelectorAll( this.options.background );","    for ( i=0; i < children.length; i++ ) {","      var child = children[i];","      this.addElementBackgroundImages( child );","    }","  }","};","","var elementNodeTypes = {","  1: true,","  9: true,","  11: true","};","","ImagesLoaded.prototype.addElementBackgroundImages = function( elem ) {","  var style = getComputedStyle( elem );","  if ( !style ) {","    // Firefox returns null if in a hidden iframe https://bugzil.la/548397","    return;","  }","  // get url inside url(\"...\")","  var reURL = /url\\((['\"])?(.*?)\\1\\)/gi;","  var matches = reURL.exec( style.backgroundImage );","  while ( matches !== null ) {","    var url = matches && matches[2];","    if ( url ) {","      this.addBackground( url, elem );","    }","    matches = reURL.exec( style.backgroundImage );","  }","};","","/**"," * @param {Image} img"," */","ImagesLoaded.prototype.addImage = function( img ) {","  var loadingImage = new LoadingImage( img );","  this.images.push( loadingImage );","};","","ImagesLoaded.prototype.addBackground = function( url, elem ) {","  var background = new Background( url, elem );","  this.images.push( background );","};","","ImagesLoaded.prototype.check = function() {","  var _this = this;","  this.progressedCount = 0;","  this.hasAnyBroken = false;","  // complete if no images","  if ( !this.images.length ) {","    this.complete();","    return;","  }","","  function onProgress( image, elem, message ) {","    // HACK - Chrome triggers event before object properties have changed. #83","    setTimeout( function() {","      _this.progress( image, elem, message );","    });","  }","","  this.images.forEach( function( loadingImage ) {","    loadingImage.once( 'progress', onProgress );","    loadingImage.check();","  });","};","","ImagesLoaded.prototype.progress = function( image, elem, message ) {","  this.progressedCount++;","  this.hasAnyBroken = this.hasAnyBroken || !image.isLoaded;","  // progress event","  this.emitEvent( 'progress', [ this, image, elem ] );","  if ( this.jqDeferred && this.jqDeferred.notify ) {","    th
[...]
"    // add jQuery Deferred object","    this.jqDeferred = new $.Deferred();","  }","","  // HACK check async to allow time to bind listeners","  setTimeout( function() {","    this.check();","  }.bind( this ));","}","","ImagesLoaded.prototype = Object.create( EvEmitter.prototype );","","ImagesLoaded.prototype.options = {};","","ImagesLoaded.prototype.getImages = function() {","  this.images = [];","","  // filter & find items if we have an item selector","  this.elements.forEach( this.addElementImages, this );","};","","/**"," * @param {Node} element"," */","ImagesLoaded.prototype.addElementImages = function( elem ) {","  // filter siblings","  if ( elem.nodeName == 'IMG' ) {","    this.addImage( elem );","  }","  // get background image on element","  if ( this.options.background === true ) {","    this.addElementBackgroundImages( elem );","  }","","  // find children","  // no non-element nodes, #143","  var nodeType = elem.nodeType;","  if ( !nodeType || !elementNodeTypes[ nodeType ] ) {","    return;","  }","  var childImgs = elem.querySelectorAll('img');","  // concat childElems to filterFound array","  for ( var i=0; i < childImgs.length; i++ ) {","    var img = childImgs[i];","    this.addImage( img );","  }","","  // get child background images","  if ( typeof this.options.background == 'string' ) {","    var children = elem.querySelectorAll( this.options.background );","    for ( i=0; i < children.length; i++ ) {","      var child = children[i];","      this.addElementBackgroundImages( child );","    }","  }","};","","var elementNodeTypes = {","  1: true,","  9: true,","  11: true","};","","ImagesLoaded.prototype.addElementBackgroundImages = function( elem ) {","  var style = getComputedStyle( elem );","  if ( !style ) {","    // Firefox returns null if in a hidden iframe https://bugzil.la/548397","    return;","  }","  // get url inside url(\"...\")","  var reURL = /url\\((['\"])?(.*?)\\1\\)/gi;","  var matches = reURL.exec( style.backgroundImage );","  while ( matches !== null ) {","    var url = matches && matches[2];","    if ( url ) {","      this.addBackground( url, elem );","    }","    matches = reURL.exec( style.backgroundImage );","  }","};","","/**"," * @param {Image} img"," */","ImagesLoaded.prototype.addImage = function( img ) {","  var loadingImage = new LoadingImage( img );","  this.images.push( loadingImage );","};","","ImagesLoaded.prototype.addBackground = function( url, elem ) {","  var background = new Background( url, elem );","  this.images.push( background );","};","","ImagesLoaded.prototype.check = function() {","  var _this = this;","  this.progressedCount = 0;","  this.hasAnyBroken = false;","  // complete if no images","  if ( !this.images.length ) {","    this.complete();","    return;","  }","","  function onProgress( image, elem, message ) {","    // HACK - Chrome triggers event before object properties have changed. #83","    setTimeout( function() {","      _this.progress( image, elem, message );","    });","  }","","  this.images.forEach( function( loadingImage ) {","    loadingImage.once( 'progress', onProgress );","    loadingImage.check();","  });","};","","ImagesLoaded.prototype.progress = function( image, elem, message ) {","  this.progressedCount++;","  this.hasAnyBroken = this.hasAnyBroken || !image.isLoaded;","  // progress event","  this.emitEvent( 'progress', [ this, image, elem ] );","  if ( this.jqDeferred && this.jqDeferred.notify ) {","    this.jqDeferred.notify( this, image );","  }","  // check if completed","  if ( this.progressedCount == this.images.length ) {","    this.complete();","  }","","  if ( this.options.debug && console ) {","    console.log( 'progress: ' + message, image, elem );","  }","};","","ImagesLoaded.prototype.complete = function() {","  var eventName = this.hasAnyBroken ? 'fail' : 'done';","  this.isComplete = true;","  this.emitEvent( eventName, [ this ] );","  this.emitEvent( 'always', [ this ] );","  if ( this.jqDeferred ) {","    var jqMethod = this.hasAnyBroken ? 'reject' : 'resolve';","    this.jqDeferred[ jqMethod ]( this );","  }","};","","// --------------------------  -------------------------- //","","function LoadingImage( img ) {","  this.img = img;","}","","LoadingImage.prototype = Object.create( EvEmitter.prototype );","","LoadingImage.prototype.check = function() {","  // If complete is true and browser supports natural sizes,","  // try to check for image status manually.","  var isComplete = this.getIsImageComplete();","  if ( isComplete ) {","    // report based on naturalWidth","    this.confirm( this.img.naturalWidth !== 0, 'naturalWidth' );","    return;","  }","","  // If none of the checks above matched, simulate loading on detached element.","  this.proxyImage = new Image();","  this.proxyImage.addEventListener( 'load', this );","  this.proxyImage.addEventListener( 'error', this );","  // bind to image as well for Firefox. #191","  this.img.addEventListener( 'load', this );","  this.img.addEventListener( 'error', this );","  this.proxyImage.src = this.img.src;","};","","LoadingImage.prototype.getIsImageComplete = function() {","  return this.img.complete && this.img.naturalWidth !== undefined;","};","","LoadingImage.prototype.confirm = function( isLoaded, message ) {","  this.isLoaded = isLoaded;","  this.emitEvent( 'progress', [ this, this.img, message ] );","};","","// ----- events ----- //","","// trigger specified handler for event type","LoadingImage.prototype.handleEvent = function( event ) {","  var method = 'on' + event.type;","  if ( this[ method ] ) {","    this[ method ]( event );","  }","};","","LoadingImage.prototype.onload = function() {","  this.confirm( true, 'onload' );","  this.unbindEvents();","};","","LoadingImage.prototype.onerror = function() {","  this.confirm( false, 'onerror' );","  this.unbindEvents();","};","","LoadingImage.prototype.unbindEvents = function() {","  this.proxyImage.removeEventListener( 'load', this );","  this.proxyImage.removeEventListener( 'error', this );","  this.img.removeEventListener( 'load', this );","  this.img.removeEventListener( 'error', this );","};","","// -------------------------- Background -------------------------- //","","function Background( url, element ) {","  this.url = url;","  this.element = element;","  this.img = new Image();","}","","// inherit LoadingImage prototype","Background.prototype = Object.create( LoadingImage.prototype );","","Background.prototype.check = function() {","  this.img.addEventListener( 'load', this );","  this.img.addEventListener( 'error', this );","  this.img.src = this.url;","  // check if image is already complete","  var isComplete = this.getIsImageComplete();","  if ( isComplete ) {","    this.confirm( this.img.naturalWidth !== 0, 'naturalWidth' );","    this.unbindEvents();","  }","};","","Background.prototype.unbindEvents = function() {","  this.img.removeEventListener( 'load', this );","  this.img.removeEventListener( 'error', this );","};","","Background.prototype.confirm = function( isLoaded, message ) {","  this.isLoaded = isLoaded;","  this.emitEvent( 'progress', [ this, this.element, message ] );","};","","// -------------------------- jQuery -------------------------- //","","ImagesLoaded.makeJQueryPlugin = function( jQuery ) {","  jQuery = jQuery || window.jQuery;","  if ( !jQuery ) {","    return;","  }","  // set local variable","  $ = jQuery;","  // $().imagesLoaded()","  $.fn.imagesLoaded = function( options, callback ) {","    var instance = new ImagesLoaded( this, options, callback );","    return instance.jqDeferred.promise( $(this) );","  };","};","// try making plugin","ImagesLoaded.makeJQueryPlugin();","","// --------------------------  -------------------------- //","","return ImagesLoaded;","","});","",""],"l":{"15":2,"18":2,"20":0,"21":2,"23":2,"26":0,"33":1,"35":2,"37":2,"38":0,"39":0,"42":0,"44":0,"46":0,"47":0,"50":0,"53":2,"54":0,"55":0,"58":0,"61":0,"63":0,"65":0,"67":0,"70":2,"71":0,"72":0,"73":0,"75":0,"76":0,"77":0,"80":0,"83":2,"84":0,"85":0,"86":0,"88":0,"89":0,"90":0,"92":0,"94":0,"95":0,"96":0,"99":0,"101":0,"104":0,"106":0,"107":0,"110":0,"113":2,"123":2,"128":0,"130":0,"133":0,"135":0,"137":0,"143":0,"157":0,"158":0,"163":1,"164":0,"165":0,"167":0,"171":1,"172":0,"173":0,"175":0,"176":0,"178":0,"179":0,"183":0,"185":0,"195":1,"197":0,"198":0,"201":0,"202":0,"205":0,"206":0,"208":0,"209":0,"211":0,"214":0,"215":0,"218":0,"220":0,"222":0,"226":0,"227":0,"231":0,"233":0,"235":0,"236":0,"239":0,"245":0,"247":0,"248":0,"251":0,"252":0,"257":0,"258":0,"259":0,"261":0,"263":0,"264":0,"265":0,"269":0,"270":0,"271":0,"272":0,"273":0,"278":0,"284":0,"285":0,"286":0,"288":0,"291":0,"292":0,"293":0,"294":0,"295":0,"296":0,"298":0,"305":0,"306":0,"307":0,"310":0,"311":0,"312":0,"315":0,"316":0,"317":0,"318":0,"320":0,"321":0,"322":0,"325":1,"327":0,"328":0,"332":0,"333":0,"334":0,"338":0,"339":0,"340":0,"342":0,"343":0,"344":0,"347":0,"348":0,"351":0,"352":0,"356":0,"357":0,"358":0,"359":0,"360":0,"361":0,"362":0,"363":0,"369":1,"370":0,"373":0,"375":0,"378":0,"379":0,"381":0,"382":0,"386":0,"387":0,"388":0,"390":0,"391":0,"392":0,"395":0,"396":0,"399":0,"400":0,"401":0,"407":0,"408":0,"409":0,"410":0,"414":0,"415":0,"416":0,"419":0,"420":0,"421":0,"424":0,"425":0,"426":0,"427":0,"428":0,"433":1,"434":0,"435":0,"436":0,"440":0,"442":0,"443":0,"444":0,"445":0,"447":0,"448":0,"449":0,"450":0,"454":0,"455":0,"456":0,"459":0,"460":0,"461":0,"466":0,"467":0,"468":0,"469":0,"472":0,"474":0,"475":0,"476":0,"480":0,"484":0}},"/home/travis/build/npmtest/node-npmtest-imagesloaded/node_modules/imagesloaded/sandbox/progress/progress.js":{"path":"/home/travis/build/npmtest/node-npmtest-imagesloaded/node_modules/imagesloaded/sandbox/progress/progress.js","s":{"1":2,"2":2,"3":2,"4":2,"5":0,"6":0,"7":0,"8":0,"9":0,"10":0,"11":0,"12":0,"13":0,"14":0,"15":0,"16":0,"17":0,"18":0,"19":0,"20":0,"21":1,"22":0,"23":1,"24":0,"25":0,"26":1,"27":0,"28":0,"29":0,"30":0,"31":0,"32":1,"33":0,"34":0,"35":0,"36":0,"37":0,"38":0,"39":0,"40":0,"41":0,"42":0,"43":0,"44":1,"45":0,"46":0,"47":0,"48":0,"49":1,"50":0,"51":0,"52":0,"53":1,"54":0,"55":0,"56":0,"57":1,"58":0},"b":{"1":[0,0],"2":[0,0],"3":[0,0],"4":[0,0],"5":[0,0],"6":[0,0]},"f":{"1":0,"2":0,"3":0,"4":0,"5":0,"6":0,"7":0,"8":0,"9":0,"10":0},"fnMap":{"1":{"name":"(anonymous_1)","line":15,"loc":{"start":{"line":15,"column":41},"end":{"line":15,"column":52}}},"2":{"name":"(anonymous_2)","line":30,"loc":{"start":{"line":30,"column":43},"end":{"line":30,"column":54}}},"3":{"name":"setText","line":39,"loc":{"start":{"line":39,"column":0},"end":{"line":39,"column":32}}},"4":{"name":"empty","line":43,"loc":{"start":{"line":43,"column":0},"end":{"line":43,"column":23}}},"5":{"name":"getItemsFragment","line":52,"loc":{"start":{"line":52,"column":0},"end":{"line":52,"column":28}}},"6":{"name":"getImageItem","line":62,"loc":{"start":{"line":62,"column":0},"end":{"line":62,"column":24}}},"7":{"name":"resetProgress","line":82,"loc":{"start":{"line":82,"column":0},"end":{"line":82,"column":25}}},"8":{"name":"updateProgress","line":90,"loc":{"start":{"line":90,"column":0},"end":{"line":90,"column":33}}},"9":{"name":"onProgress","line":100,"loc":{"start":{"line":100,"column":0},"end":{"line":100,"column":38}}},"10":{"name":"onAlways","line":109,"loc":{"start":{"line":109,"column":0},"end":{"line":109,"column":20}}}},"statementMap":{"1":{"start":{"line":3,"column":0},"end":{"line":3,"column":29}},"2":{"start":{"line":4,"column":0},"end":{"line":4,"column":21}},"3":{"start":{"line":5,"column":0},"end":{"line":5,"column":33}},"4":{"start":{"line":7,"column":0},"end":{"line":7,"column":59}},"5":{"start":{"line":8,"column":0},"end":{"line":8,"column":47}},"6":{"start":{"line":9,"column":0},"end":{"line":9,"column":50}},"7":{"start":{"line":11,"column":0},"end":{"line":13,"column":52}},"8":{"start":{"line":15,"column":0},"end":{"line":27,"column":2}},"9":{"start":{"line":17,"column":2},"end":{"line":17,"column":36}},"10":{"start":{"line":18,"column":2},"end":{"line":18,"column":59}},"11":{"start":{"line":20,"column":2},"end":{"line":20,"column":42}},"12":{"start":{"line":21,"column":2},"end":{"line":21,"column":39}},"13":{"start":{"line":22,"column":2},"end":{"line":22,"column":35}},"14":{"start":{"line":24,"column":2},"end":{"line":24,"column":37}},"15":{"start":{"line":25,"column":2},"end":{"line":25,"column":18}},"16":{"start":{"line":26,"column":2},"end":{"line":26,"column":22}},"17":{"start":{"line":30,"column":0},"end":{"line":32,"column":2}},"18":{"start":{"line":31,"column":2},"end":{"line":31,"column":21}},"19":{"start":{"line":36,"column":0},"end":{"line":36,"column":39}},"20":{"start":{"line":37,"column":0},"end":{"line":37,"column":81}},"21":{"start":{"line":39,"column":0},"end":{"line":41,"column":1}},"22":{"start":{"line":40,"column":2},"end":{"line":40,"column":29}},"23":{"start":{"line":43,"column":0},"end":{"line":47,"column":1}},"24":{"start":{"line":44,"column":2},"end":{"line":46,"column":3}},"25":{"start":{"line":45,"column":4},"end":{"line":45,"column":40}},"26":{"start":{"line":52,"column":0},"end":{"line":59,"column":1}},"27":{"start":{"line":53,"column":2},"end":{"line":53,"column":51}},"28":{"start":{"line":54,"column":2},"end":{"line":57,"column":3}},"29":{"start":{"line":55,"column":4},"end":{"line":55,"column":30}},"30":{"start":{"line":56,"column":4},"end":{"line":56,"column":33}},"31":{"start":{"line":58,"column":2},"end":{"line":58,"column":18}},"32":{"start":{"line":62,"column":0},"end":{"line":78,"column":1}},"33":{"start":{"line":63,"column":2},"end":{"line":63,"column":42}},"34":{"start":{"line":64,"column":2},"end":{"line":64,"column":32}},"35":{"start":{"line":65,"column":2},"end":{"line":65,"column":42}},"36":{"start":{"line":66,"column":2},"end":{"line":66,"column":35}},"37":{"start":{"line":67,"column":2},"end":{"line":67,"column":40}},"38":{"start":{"line":68,"column":2},"end":{"line":68,"column":37}},"39":{"start":{"line":69,"column":2},"end":{"line":69,"column":40}},"40":{"start":{"line":70,"column":2},"end":{"line":70,"column":48}},"41":{"start":{"line":73,"column":2},"end":{"line":75,"column":67}},"42":{"start":{"line":76,"column":2},"end":{"line":76,"column":26}},"43":{"start":{"line":77,"column":2},"end":{"line":77,"column":14}},"44":{"start":{"line":82,"column":0},"end":{"line":88,"column":1}},"45":{"start":{"line":83,"column":2},"end":{"line":83,"column":31}},"46":{"start":{"line":84,"column":2},"end":{"line":84,"column":23}},"47":{"start":{"line":85,"column":2},"end":{"line":87,"column":3}},"48":{"start":{"line":86,"column":4},"end":{"line":86,"column":51}},"49":{"start":{"line":90,"column":0},"end":{"line":97,"column":1}},"50":{"start":{"line":91,"column":2},"end":{"line":96,"column":3}},"51":{"start":{"line":92,"column":4},"end":{"line":92,"column":48}},"52":{"start":{"line":95,"column":4},"end":{"line":95,"column":54}},"53":{"start":{"line":100,"column":0},"end":{"line":106,"column":1}},"54":{"start":{"line":102,"column":2},"end":{"line":102,"column":69}},"55":{"start":{"line":104,"column":2},"end":{"line":104,"column":21}},"56":{"start":{"line":105,"column":2},"end":{"line":105,"column":37}},"57":{"start":{"line":109,"column":0},"end":{"line":111,"column":1}},"58":{"start":{"line":110,"column":2},"end":{"line":110,"column":31}}},"branchMap":{"1":{"line":11,"type":"binary-expr","locations":[{"start":{"line":11,"column":19},"end":{"line":11,"column":31}},{"start":{"line":13,"column":2},"end":{"line":13,"column":51}}]},"2":{"line":37,"type":"cond-expr","locations":[{"start":{"line":37,"column":53},"end":{"line":37,"column":66}},{"start":{"line":37,"column":69},"end":{"line":37,"column":80}}]},"3":{"line":73,"type":"cond-expr","locations":[{"start":{"line":73,"column":26},"end":{"line":73,"column":58}},{"start":{"line":75,"column":4},"end":{"line":75,"column":66}}]},"4":{"line":85,"type":"if","locations":[{"start":{"line":85,"column":2},"end":{"line":85,"column":2}},{"start":{"line":85,"column":2},"end":{"line":85,"column":2}}]},"5":{"line":91,"type":"if","locations":[{"start":{"line":91,"column":2},"end":{"line":91,"column":2}},{"start":{"line":91,"column":2},"end":{"line":91,"column":2}}]},"6":{"line":102,"type":"cond-expr","locations":[{"start":{"line":102,"column":52},"end":{"line":102,"column":54}},{"start":{"line":102,"column":57},"end":{"line":102,"column":68}}]}},"code":["/* jshint strict: false */","","var progressElem, statusElem;","var supportsProgress;","var loadedImageCount, imageCount;","","var container = document.querySelector('#image-container');","statusElem = document.querySelector('#status');","progressElem = document.querySelector('progress');","","supportsProgress = progressElem &&","  // IE does not support progress","  progressElem.toString().indexOf('Unknown') === -1;","","document.querySelector('#add').onclick = function() {","  // add new images","  var fragment = getItemsFragment();","  container.insertBefore( fragment, container.firstChild );","  // use ImagesLoaded","  var imgLoad = imagesLoaded( container );","  imgLoad.on( 'progress', onProgress );","  imgLoad.on( 'always', onAlways );","  // reset progress counter","  imageCount = imgLoad.images.length;","  resetProgress();","  updateProgress( 0 );","};","","// reset container","document.querySelector('#reset').onclick = function() {","  empty( container );","};","","// ----- set text helper ----- //","","var docElem = document.documentElement;","var textSetter = docElem.textContent !== undefined ? 'textContent' : 'innerText';","","function setText( elem, value ) {","  elem[ textSetter ] = value;","}","","function empty( elem ) {","  while ( elem.firstChild ) {","    elem.removeChild( elem.firstChild );","  }","}","","// -----  ----- //","","// return doc fragment with","function getItemsFragment() {","  var fragment = document.createDocumentFragment();","  for ( var i = 0; i < 7; i++ ) {","    var item = getImageItem();","    fragment.appendChild( item );","  }","  return fragment;","}","","// return an <li> with a <img> in it","function getImageItem() {","  var item = document.createElement('li');","  item.className = 'is-loading';","  var img = document.createElement('img');","  var size = Math.random() * 3 + 1;","  var width = Math.random() * 110 + 100;","  width = Math.round( width * size );","  var height = Math.round( 140 * size );","  var rando = Math.ceil( Math.random() * 1000 );","  // 10% chance of broken image src","  // random parameter to prevent cached images","  img.src = rando < 100 ? '//foo/broken-' + rando + '.jpg' :","    // use lorempixel for great random images","    '//lorempixel.com/' + width + '/' + height + '/' + '?' + rando;","  item.appendChild( img );","  return item;","}","","// -----  ----- //","","function resetProgress() {","  statusElem.style.opacity = 1;","  loadedImageCount = 0;","  if ( supportsProgress ) {","    progressElem.setAttribute( 'max', imageCount );","  }","}","","function updateProgress( value ) {","  if ( supportsProgress ) {","    progressElem.setAttribute( 'value', value );","  } else {","    // if you don't support progress elem","    setText( statusElem, value + ' / ' + imageCount );","  }","}","","// triggered after each item is loaded","function onProgress( imgLoad, image ) {","  // change class if the image is loaded or broken","  image.img.parentNode.className = image.isLoaded ? '' : 'is-broken';","  // update progress element","  loadedImageCount++;","  updateProgress( loadedImageCount );","}","","// hide status when done","function onAlways() {","  statusElem.style.opacity = 0;","}",""],"l":{"3":2,"4":2,"5":2,"7":2,"8":0,"9":0,"11":0,"15":0,"17":0,"18":0,"20":0,"21":0,"22":0,"24":0,"25":0,"26":0,"30":0,"31":0,"36":0,"37":0,"39":1,"40":0,"43":1,"44":0,"45":0,"52":1,"53":0,"54":0,"55":0,"56":0,"58":0,"62":1,"63":0,"64":0,"65":0,"66":0,"67":0,"68":0,"69":0,"70":0,"73":0,"76":0,"77":0,"82":1,"83":0,"84":0,"85":0,"86":0,"90":1,"91":0,"92":0,"95":0,"100":1,"102":0,"104":0,"105":0,"109":1,"110":0}}}